Using pre-set license
Built from '2021.3/staging' branch; Version is '2021.3.23f1 (213b516bf396) revision 2177873'; Using compiler version '192829333'; Build Type 'Release'
OS: 'Windows 10  (10.0.19045) 64bit Enterprise' Language: 'en' Physical Memory: 65224 MB
BatchMode: 1, IsHumanControllingUs: 0, StartBugReporterOnCrash: 0, Is64bit: 1, IsPro: 1

COMMAND LINE ARGUMENTS:
C:\Program Files\Unity\Hub\Editor\2021.3.23f1\Editor\Unity.exe
-adb2
-batchMode
-noUpm
-name
AssetImportWorker10
-projectPath
C:/Temp/Andrew Capela/First2DProjectafteroon2023.2
-logFile
Logs/AssetImportWorker10.log
-srvPort
50721
Successfully changed project path to: C:/Temp/Andrew Capela/First2DProjectafteroon2023.2
C:/Temp/Andrew Capela/First2DProjectafteroon2023.2
[UnityMemory] Configuration Parameters - Can be set up in boot.config
    "memorysetup-bucket-allocator-granularity=16"
    "memorysetup-bucket-allocator-bucket-count=8"
    "memorysetup-bucket-allocator-block-size=33554432"
    "memorysetup-bucket-allocator-block-count=8"
    "memorysetup-main-allocator-block-size=16777216"
    "memorysetup-thread-allocator-block-size=16777216"
    "memorysetup-gfx-main-allocator-block-size=16777216"
    "memorysetup-gfx-thread-allocator-block-size=16777216"
    "memorysetup-cache-allocator-block-size=4194304"
    "memorysetup-typetree-allocator-block-size=2097152"
    "memorysetup-profiler-bucket-allocator-granularity=16"
    "memorysetup-profiler-bucket-allocator-bucket-count=8"
    "memorysetup-profiler-bucket-allocator-block-size=33554432"
    "memorysetup-profiler-bucket-allocator-block-count=8"
    "memorysetup-profiler-allocator-block-size=16777216"
    "memorysetup-profiler-editor-allocator-block-size=1048576"
    "memorysetup-temp-allocator-size-main=16777216"
    "memorysetup-job-temp-allocator-block-size=2097152"
    "memorysetup-job-temp-allocator-block-size-background=1048576"
    "memorysetup-job-temp-allocator-reduction-small-platforms=262144"
    "memorysetup-temp-allocator-size-background-worker=32768"
    "memorysetup-temp-allocator-size-job-worker=262144"
    "memorysetup-temp-allocator-size-preload-manager=33554432"
    "memorysetup-temp-allocator-size-nav-mesh-worker=65536"
    "memorysetup-temp-allocator-size-audio-worker=65536"
    "memorysetup-temp-allocator-size-cloud-worker=32768"
    "memorysetup-temp-allocator-size-gi-baking-worker=262144"
    "memorysetup-temp-allocator-size-gfx=262144"
Player connection [27868] Host "[IP] 172.27.14.96 [Port] 0 [Flags] 2 [Guid] 1836314634 [EditorId] 1836314634 [Version] 1048832 [Id] WindowsEditor(7,NS00J002004DE01) [Debug] 1 [PackageName] WindowsEditor [ProjectName] Editor" joined multi-casting on [225.0.0.222:54997]...

Player connection [27868] Host "[IP] 172.27.14.96 [Port] 0 [Flags] 2 [Guid] 1836314634 [EditorId] 1836314634 [Version] 1048832 [Id] WindowsEditor(7,NS00J002004DE01) [Debug] 1 [PackageName] WindowsEditor [ProjectName] Editor" joined alternative multi-casting on [225.0.0.222:34997]...

Refreshing native plugins compatible for Editor in 112.94 ms, found 4 plugins.
Preloading 0 native plugins for Editor in 0.00 ms.
Initialize engine version: 2021.3.23f1 (213b516bf396)
[Subsystems] Discovering subsystems at path C:/Program Files/Unity/Hub/Editor/2021.3.23f1/Editor/Data/Resources/UnitySubsystems
[Subsystems] Discovering subsystems at path C:/Temp/Andrew Capela/First2DProjectafteroon2023.2/Assets
GfxDevice: creating device client; threaded=0; jobified=0
Direct3D:
    Version:  Direct3D 11.0 [level 11.1]
    Renderer: NVIDIA RTX A4000 (ID=0x24b0)
    Vendor:   NVIDIA
    VRAM:     16183 MB
    Driver:   31.0.15.2886
Initialize mono
Mono path[0] = 'C:/Program Files/Unity/Hub/Editor/2021.3.23f1/Editor/Data/Managed'
Mono path[1] = 'C:/Program Files/Unity/Hub/Editor/2021.3.23f1/Editor/Data/MonoBleedingEdge/lib/mono/unityjit-win32'
Mono config path = 'C:/Program Files/Unity/Hub/Editor/2021.3.23f1/Editor/Data/MonoBleedingEdge/etc'
Using monoOptions --debugger-agent=transport=dt_socket,embedding=1,server=y,suspend=n,address=127.0.0.1:56640
Begin MonoManager ReloadAssembly
Registering precompiled unity dll's ...
Register platform support module: C:/Program Files/Unity/Hub/Editor/2021.3.23f1/Editor/Data/PlaybackEngines/AndroidPlayer/UnityEditor.Android.Extensions.dll
Register platform support module: C:/Program Files/Unity/Hub/Editor/2021.3.23f1/Editor/Data/PlaybackEngines/WindowsStandaloneSupport/UnityEditor.WindowsStandalone.Extensions.dll
Registered in 0.008979 seconds.
Native extension for WindowsStandalone target not found
Native extension for Android target not found
Android Extension - Scanning For ADB Devices 462 ms
Refreshing native plugins compatible for Editor in 103.89 ms, found 4 plugins.
Preloading 0 native plugins for Editor in 0.00 ms.
Mono: successfully reloaded assembly
- Completed reload, in  1.461 seconds
Domain Reload Profiling:
	ReloadAssembly (1462ms)
		BeginReloadAssembly (101ms)
			ExecutionOrderSort (0ms)
			DisableScriptedObjects (0ms)
			BackupInstance (0ms)
			ReleaseScriptingObjects (0ms)
			CreateAndSetChildDomain (1ms)
		EndReloadAssembly (1145ms)
			LoadAssemblies (98ms)
			RebuildTransferFunctionScriptingTraits (0ms)
			SetupTypeCache (227ms)
			ReleaseScriptCaches (0ms)
			RebuildScriptCaches (32ms)
			SetupLoadedEditorAssemblies (823ms)
				LogAssemblyErrors (0ms)
				InitializePlatformSupportModulesInManaged (563ms)
				SetLoadedEditorAssemblies (0ms)
				RefreshPlugins (104ms)
				BeforeProcessingInitializeOnLoad (1ms)
				ProcessInitializeOnLoadAttributes (102ms)
				ProcessInitializeOnLoadMethodAttributes (52ms)
				AfterProcessingInitializeOnLoad (0ms)
				EditorAssembliesLoaded (0ms)
			ExecutionOrderSort2 (0ms)
			AwakeInstancesAfterBackupRestoration (0ms)
Platform modules already initialized, skipping
Registering precompiled user dll's ...
Registered in 0.009211 seconds.
Begin MonoManager ReloadAssembly
Symbol file LoadedFromMemory doesn't match image C:\Temp\Andrew Capela\First2DProjectafteroon2023.2\Library\PackageCache\com.unity.visualscripting@1.8.0\Editor\VisualScripting.Core\Dependencies\YamlDotNet\Unity.VisualScripting.YamlDotNet.dll
Symbol file LoadedFromMemory doesn't match image C:\Temp\Andrew Capela\First2DProjectafteroon2023.2\Library\PackageCache\com.unity.visualscripting@1.8.0\Editor\VisualScripting.Core\Dependencies\DotNetZip\Unity.VisualScripting.IonicZip.dll
Native extension for WindowsStandalone target not found
Native extension for Android target not found
Refreshing native plugins compatible for Editor in 101.78 ms, found 4 plugins.
Preloading 0 native plugins for Editor in 0.00 ms.
Mono: successfully reloaded assembly
- Completed reload, in  1.358 seconds
Domain Reload Profiling:
	ReloadAssembly (1359ms)
		BeginReloadAssembly (137ms)
			ExecutionOrderSort (0ms)
			DisableScriptedObjects (7ms)
			BackupInstance (0ms)
			ReleaseScriptingObjects (0ms)
			CreateAndSetChildDomain (20ms)
		EndReloadAssembly (1093ms)
			LoadAssemblies (109ms)
			RebuildTransferFunctionScriptingTraits (0ms)
			SetupTypeCache (262ms)
			ReleaseScriptCaches (1ms)
			RebuildScriptCaches (65ms)
			SetupLoadedEditorAssemblies (586ms)
				LogAssemblyErrors (0ms)
				InitializePlatformSupportModulesInManaged (21ms)
				SetLoadedEditorAssemblies (0ms)
				RefreshPlugins (102ms)
				BeforeProcessingInitializeOnLoad (109ms)
				ProcessInitializeOnLoadAttributes (296ms)
				ProcessInitializeOnLoadMethodAttributes (47ms)
				AfterProcessingInitializeOnLoad (10ms)
				EditorAssembliesLoaded (0ms)
			ExecutionOrderSort2 (0ms)
			AwakeInstancesAfterBackupRestoration (7ms)
Platform modules already initialized, skipping
========================================================================
Worker process is ready to serve import requests
Launched and connected shader compiler UnityShaderCompiler.exe after 0.06 seconds
Refreshing native plugins compatible for Editor in 0.64 ms, found 4 plugins.
Preloading 0 native plugins for Editor in 0.00 ms.
Unloading 3752 Unused Serialized files (Serialized files now loaded: 0)
Unloading 35 unused Assets / (56.5 KB). Loaded Objects now: 4213.
Memory consumption went from 145.5 MB to 145.4 MB.
Total: 4.132500 ms (FindLiveObjects: 0.471100 ms CreateObjectMapping: 0.141400 ms MarkObjects: 3.439500 ms  DeleteObjects: 0.079600 ms)

AssetImportParameters requested are different than current active one (requested -> active):
  custom:video-decoder-ogg-theora: a1e56fd34408186e4bbccfd4996cb3dc -> 
  custom:container-muxer-webm: aa71ff27fc2769a1b78a27578f13a17b -> 
  custom:container-demuxer-webm: 4f35f7cbe854078d1ac9338744f61a02 -> 
  custom:video-encoder-webm-vp8: eb34c28f22e8b96e1ab97ce403110664 -> 
  custom:audio-encoder-webm-vorbis: bf7c407c2cedff20999df2af8eb42d56 -> 
  custom:framework-win-MediaFoundation: 216162199b28c13a410421893ffa2e32 -> 
  custom:container-demuxer-ogg: 62fdf1f143b41e24485cea50d1cbac27 -> 
  custom:video-decoder-webm-vp8: 9c59270c3fd7afecdb556c50c9e8de78 -> 
  custom:audio-decoder-ogg-vorbis: bf7c407c2cedff20999df2af8eb42d56 -> 
========================================================================
Received Prepare
Registering precompiled user dll's ...
Registered in 0.008058 seconds.
Begin MonoManager ReloadAssembly
Symbol file LoadedFromMemory doesn't match image C:\Temp\Andrew Capela\First2DProjectafteroon2023.2\Library\PackageCache\com.unity.visualscripting@1.8.0\Editor\VisualScripting.Core\Dependencies\YamlDotNet\Unity.VisualScripting.YamlDotNet.dll
Symbol file LoadedFromMemory doesn't match image C:\Temp\Andrew Capela\First2DProjectafteroon2023.2\Library\PackageCache\com.unity.visualscripting@1.8.0\Editor\VisualScripting.Core\Dependencies\DotNetZip\Unity.VisualScripting.IonicZip.dll
Native extension for WindowsStandalone target not found
Native extension for Android target not found
Refreshing native plugins compatible for Editor in 0.96 ms, found 4 plugins.
Preloading 0 native plugins for Editor in 0.00 ms.
Mono: successfully reloaded assembly
- Completed reload, in  1.211 seconds
Domain Reload Profiling:
	ReloadAssembly (1212ms)
		BeginReloadAssembly (171ms)
			ExecutionOrderSort (0ms)
			DisableScriptedObjects (10ms)
			BackupInstance (0ms)
			ReleaseScriptingObjects (0ms)
			CreateAndSetChildDomain (37ms)
		EndReloadAssembly (916ms)
			LoadAssemblies (122ms)
			RebuildTransferFunctionScriptingTraits (0ms)
			SetupTypeCache (266ms)
			ReleaseScriptCaches (1ms)
			RebuildScriptCaches (55ms)
			SetupLoadedEditorAssemblies (404ms)
				LogAssemblyErrors (0ms)
				InitializePlatformSupportModulesInManaged (24ms)
				SetLoadedEditorAssemblies (1ms)
				RefreshPlugins (1ms)
				BeforeProcessingInitializeOnLoad (90ms)
				ProcessInitializeOnLoadAttributes (233ms)
				ProcessInitializeOnLoadMethodAttributes (45ms)
				AfterProcessingInitializeOnLoad (10ms)
				EditorAssembliesLoaded (0ms)
			ExecutionOrderSort2 (0ms)
			AwakeInstancesAfterBackupRestoration (9ms)
Platform modules already initialized, skipping
Refreshing native plugins compatible for Editor in 3.15 ms, found 4 plugins.
Preloading 0 native plugins for Editor in 0.00 ms.
Unloading 3728 Unused Serialized files (Serialized files now loaded: 0)
Unloading 22 unused Assets / (24.7 KB). Loaded Objects now: 4216.
Memory consumption went from 143.0 MB to 143.0 MB.
Total: 3.467700 ms (FindLiveObjects: 0.458400 ms CreateObjectMapping: 0.116200 ms MarkObjects: 2.871300 ms  DeleteObjects: 0.020600 ms)

AssetImportParameters requested are different than current active one (requested -> active):
  custom:video-decoder-ogg-theora: a1e56fd34408186e4bbccfd4996cb3dc -> 
  custom:container-muxer-webm: aa71ff27fc2769a1b78a27578f13a17b -> 
  custom:container-demuxer-webm: 4f35f7cbe854078d1ac9338744f61a02 -> 
  custom:video-encoder-webm-vp8: eb34c28f22e8b96e1ab97ce403110664 -> 
  custom:audio-encoder-webm-vorbis: bf7c407c2cedff20999df2af8eb42d56 -> 
  custom:framework-win-MediaFoundation: 216162199b28c13a410421893ffa2e32 -> 
  custom:container-demuxer-ogg: 62fdf1f143b41e24485cea50d1cbac27 -> 
  custom:video-decoder-webm-vp8: 9c59270c3fd7afecdb556c50c9e8de78 -> 
  custom:audio-decoder-ogg-vorbis: bf7c407c2cedff20999df2af8eb42d56 -> 
========================================================================
Received Import Request.
  Time since last request: 9098.874917 seconds.
  path: Assets/kenney_pixel-platformer/Tiles/tile_0001.png
  artifactKey: Guid(95406eeddde3d9e4dbd37a5c8f918077) Importer(815301076,1909f56bfc062723c751e8b465ee728b)
Start importing Assets/kenney_pixel-platformer/Tiles/tile_0001.png using Guid(95406eeddde3d9e4dbd37a5c8f918077) Importer(815301076,1909f56bfc062723c751e8b465ee728b)  -> (artifact id: '03d41e21b7d38ca2ffcd509601787ef0') in 0.146660 seconds 
========================================================================
Received Import Request.
  Time since last request: 0.000027 seconds.
  path: Assets/kenney_pixel-platformer/Tiles/tile_0052.png
  artifactKey: Guid(18947f9d1431392499447615c1c9834c) Importer(815301076,1909f56bfc062723c751e8b465ee728b)
Start importing Assets/kenney_pixel-platformer/Tiles/tile_0052.png using Guid(18947f9d1431392499447615c1c9834c) Importer(815301076,1909f56bfc062723c751e8b465ee728b)  -> (artifact id: '0618221a2b9f2bddd7f39c4c1c160bfb') in 0.021524 seconds 
========================================================================
Received Import Request.
  Time since last request: 0.000023 seconds.
  path: Assets/kenney_pixel-platformer/Tiles/tile_0127.png
  artifactKey: Guid(116459064222cb64e95f859b949529cd) Importer(815301076,1909f56bfc062723c751e8b465ee728b)
Start importing Assets/kenney_pixel-platformer/Tiles/tile_0127.png using Guid(116459064222cb64e95f859b949529cd) Importer(815301076,1909f56bfc062723c751e8b465ee728b)  -> (artifact id: '4b7eab61cc2dac26e2b1e69cdc773a7f') in 0.026303 seconds 
========================================================================
Received Import Request.
  Time since last request: 0.000020 seconds.
  path: Assets/kenney_pixel-platformer/Tiles/tile_0010.png
  artifactKey: Guid(cff0a570029a2444dbff7865ec582600) Importer(815301076,1909f56bfc062723c751e8b465ee728b)
Start importing Assets/kenney_pixel-platformer/Tiles/tile_0010.png using Guid(cff0a570029a2444dbff7865ec582600) Importer(815301076,1909f56bfc062723c751e8b465ee728b)  -> (artifact id: 'b9b012f57b73d3a4db988fee8c40bfbd') in 0.021432 seconds 
========================================================================
Received Import Request.
  Time since last request: 0.000037 seconds.
  path: Assets/kenney_pixel-platformer/Tiles/tile_0026.png
  artifactKey: Guid(83eb268dfd2e5e34a857c14dc7d90dae) Importer(815301076,1909f56bfc062723c751e8b465ee728b)
Start importing Assets/kenney_pixel-platformer/Tiles/tile_0026.png using Guid(83eb268dfd2e5e34a857c14dc7d90dae) Importer(815301076,1909f56bfc062723c751e8b465ee728b)  -> (artifact id: '3365883466bcf77c5d58b4b3b2e1c651') in 0.019737 seconds 
========================================================================
Received Import Request.
  Time since last request: 0.000027 seconds.
  path: Assets/kenney_pixel-platformer/Tiles/tile_0111.png
  artifactKey: Guid(9b9a12e144919ae45898fc7f7cd1783a) Importer(815301076,1909f56bfc062723c751e8b465ee728b)
Start importing Assets/kenney_pixel-platformer/Tiles/tile_0111.png using Guid(9b9a12e144919ae45898fc7f7cd1783a) Importer(815301076,1909f56bfc062723c751e8b465ee728b)  -> (artifact id: 'c3ebc925f9279cd0801baee21da44ca7') in 0.046090 seconds 
========================================================================
Received Import Request.
  Time since last request: 0.000022 seconds.
  path: Assets/kenney_pixel-platformer/Tiles/tile_0117.png
  artifactKey: Guid(49897287c432fc544bab40daa5145334) Importer(815301076,1909f56bfc062723c751e8b465ee728b)
Start importing Assets/kenney_pixel-platformer/Tiles/tile_0117.png using Guid(49897287c432fc544bab40daa5145334) Importer(815301076,1909f56bfc062723c751e8b465ee728b)  -> (artifact id: '146d7c5d55f0233d883fb4b55e4bdb8f') in 0.020307 seconds 
========================================================================
Received Import Request.
  Time since last request: 0.000020 seconds.
  path: Assets/kenney_pixel-platformer/Tiles/tile_0081.png
  artifactKey: Guid(82ed5ec172c2464439dbd6826bba88e7) Importer(815301076,1909f56bfc062723c751e8b465ee728b)
Start importing Assets/kenney_pixel-platformer/Tiles/tile_0081.png using Guid(82ed5ec172c2464439dbd6826bba88e7) Importer(815301076,1909f56bfc062723c751e8b465ee728b)  -> (artifact id: '87cee3884c6d64896ba6613d65b7277d') in 0.024774 seconds 
========================================================================
Received Import Request.
  Time since last request: 0.000021 seconds.
  path: Assets/kenney_pixel-platformer/Tiles/tile_0082.png
  artifactKey: Guid(659b1fd49c2e1c24684ad93ff52e7e44) Importer(815301076,1909f56bfc062723c751e8b465ee728b)
Start importing Assets/kenney_pixel-platformer/Tiles/tile_0082.png using Guid(659b1fd49c2e1c24684ad93ff52e7e44) Importer(815301076,1909f56bfc062723c751e8b465ee728b)  -> (artifact id: '146500d9fa763766903e26d8c69a8182') in 0.024792 seconds 
========================================================================
Received Import Request.
  Time since last request: 0.000023 seconds.
  path: Assets/kenney_pixel-platformer/Tiles/tile_0042.png
  artifactKey: Guid(0b40af7a8932892408a0258065dcb0b0) Importer(815301076,1909f56bfc062723c751e8b465ee728b)
Start importing Assets/kenney_pixel-platformer/Tiles/tile_0042.png using Guid(0b40af7a8932892408a0258065dcb0b0) Importer(815301076,1909f56bfc062723c751e8b465ee728b)  -> (artifact id: 'ef99bbc14230586a93026f4e371daa6a') in 0.025731 seconds 
========================================================================
Received Import Request.
  Time since last request: 0.000023 seconds.
  path: Assets/kenney_pixel-platformer/Tiles/tile_0066.png
  artifactKey: Guid(f3d1184f5bf236c4ca1c8a17f125eff1) Importer(815301076,1909f56bfc062723c751e8b465ee728b)
Start importing Assets/kenney_pixel-platformer/Tiles/tile_0066.png using Guid(f3d1184f5bf236c4ca1c8a17f125eff1) Importer(815301076,1909f56bfc062723c751e8b465ee728b)  -> (artifact id: 'ef41568e631c509357e15c49df49f7ee') in 0.021032 seconds 
========================================================================
Received Import Request.
  Time since last request: 0.000025 seconds.
  path: Assets/kenney_pixel-platformer/Tiles/tile_0072.png
  artifactKey: Guid(30eedfe5bd1b2b246b7b0294b06d7f63) Importer(815301076,1909f56bfc062723c751e8b465ee728b)
Start importing Assets/kenney_pixel-platformer/Tiles/tile_0072.png using Guid(30eedfe5bd1b2b246b7b0294b06d7f63) Importer(815301076,1909f56bfc062723c751e8b465ee728b)  -> (artifact id: 'f5431d235ee4e4df9c6e3d5544550fc8') in 0.021720 seconds 
========================================================================
Received Import Request.
  Time since last request: 0.000037 seconds.
  path: Assets/kenney_pixel-platformer/Tiles/tile_0063.png
  artifactKey: Guid(75f76f7526f29744ca40c638a5226355) Importer(815301076,1909f56bfc062723c751e8b465ee728b)
Start importing Assets/kenney_pixel-platformer/Tiles/tile_0063.png using Guid(75f76f7526f29744ca40c638a5226355) Importer(815301076,1909f56bfc062723c751e8b465ee728b)  -> (artifact id: '9b07be9f81f58b89d033d43f4854bdb9') in 0.020807 seconds 
========================================================================
Received Import Request.
  Time since last request: 0.000024 seconds.
  path: Assets/kenney_pixel-platformer/Tiles/tile_0029.png
  artifactKey: Guid(f6060b47dfc7ae04184a78d1d14ab94b) Importer(815301076,1909f56bfc062723c751e8b465ee728b)
Start importing Assets/kenney_pixel-platformer/Tiles/tile_0029.png using Guid(f6060b47dfc7ae04184a78d1d14ab94b) Importer(815301076,1909f56bfc062723c751e8b465ee728b)  -> (artifact id: '13197b87fa5ffef7797aca7e8f755107') in 0.022208 seconds 
========================================================================
Received Import Request.
  Time since last request: 0.000024 seconds.
  path: Assets/kenney_pixel-platformer/Tiles/tile_0039.png
  artifactKey: Guid(85752009c804b7c49a9d03796ac37bd1) Importer(815301076,1909f56bfc062723c751e8b465ee728b)
Start importing Assets/kenney_pixel-platformer/Tiles/tile_0039.png using Guid(85752009c804b7c49a9d03796ac37bd1) Importer(815301076,1909f56bfc062723c751e8b465ee728b)  -> (artifact id: '747436c885b8d67d81c2b28818c2ea7b') in 0.019347 seconds 
========================================================================
Received Import Request.
  Time since last request: 0.000026 seconds.
  path: Assets/kenney_pixel-platformer/Tiles/tile_0061.png
  artifactKey: Guid(0ed4d42328344fe4c8b9ae6d4240ccab) Importer(815301076,1909f56bfc062723c751e8b465ee728b)
Start importing Assets/kenney_pixel-platformer/Tiles/tile_0061.png using Guid(0ed4d42328344fe4c8b9ae6d4240ccab) Importer(815301076,1909f56bfc062723c751e8b465ee728b)  -> (artifact id: '48369ebc5be736b47a486decd02703e5') in 0.020837 seconds 
========================================================================
Received Import Request.
  Time since last request: 0.000021 seconds.
  path: Assets/kenney_pixel-platformer/Tiles/tile_0009.png
  artifactKey: Guid(1041a9ec8376f0a4bb40751c0ee60595) Importer(815301076,1909f56bfc062723c751e8b465ee728b)
Start importing Assets/kenney_pixel-platformer/Tiles/tile_0009.png using Guid(1041a9ec8376f0a4bb40751c0ee60595) Importer(815301076,1909f56bfc062723c751e8b465ee728b)  -> (artifact id: 'd4f71c6c731abf852a7f7686ce21c1ac') in 0.019360 seconds 
========================================================================
Received Import Request.
  Time since last request: 0.000021 seconds.
  path: Assets/kenney_pixel-platformer/Tiles/tile_0003.png
  artifactKey: Guid(6f40ebceab9ef2b4ca7f48016d2d2e14) Importer(815301076,1909f56bfc062723c751e8b465ee728b)
Start importing Assets/kenney_pixel-platformer/Tiles/tile_0003.png using Guid(6f40ebceab9ef2b4ca7f48016d2d2e14) Importer(815301076,1909f56bfc062723c751e8b465ee728b)  -> (artifact id: '9c0d1e4a721bcfaa7f1e42417e8b1b83') in 0.019285 seconds 
========================================================================
Received Import Request.
  Time since last request: 0.000021 seconds.
  path: Assets/kenney_pixel-platformer/Tiles/tile_0005.png
  artifactKey: Guid(2cb978ce0b8542c4893f5491d6efc8bc) Importer(815301076,1909f56bfc062723c751e8b465ee728b)
Start importing Assets/kenney_pixel-platformer/Tiles/tile_0005.png using Guid(2cb978ce0b8542c4893f5491d6efc8bc) Importer(815301076,1909f56bfc062723c751e8b465ee728b)  -> (artifact id: 'b2d7afcd370400269a11742a91ba72c7') in 0.019644 seconds 
========================================================================
Received Import Request.
  Time since last request: 0.000022 seconds.
  path: Assets/kenney_pixel-platformer/Tiles/tile_0068.png
  artifactKey: Guid(e5c45a33ebff8ef4f8897c8a38570481) Importer(815301076,1909f56bfc062723c751e8b465ee728b)
Start importing Assets/kenney_pixel-platformer/Tiles/tile_0068.png using Guid(e5c45a33ebff8ef4f8897c8a38570481) Importer(815301076,1909f56bfc062723c751e8b465ee728b)  -> (artifact id: '9aa9abb21264bc7ec30367621af4a596') in 0.025800 seconds 
========================================================================
Received Import Request.
  Time since last request: 0.000025 seconds.
  path: Assets/kenney_pixel-platformer/Tiles/tile_0041.png
  artifactKey: Guid(5164983d980a2e544b35e72aba2f57b4) Importer(815301076,1909f56bfc062723c751e8b465ee728b)
Start importing Assets/kenney_pixel-platformer/Tiles/tile_0041.png using Guid(5164983d980a2e544b35e72aba2f57b4) Importer(815301076,1909f56bfc062723c751e8b465ee728b)  -> (artifact id: '5604af59d7a1a9acde36558fa10ea6d5') in 0.039289 seconds 
========================================================================
Received Import Request.
  Time since last request: 0.000034 seconds.
  path: Assets/kenney_pixel-platformer/Tiles/tile_0008.png
  artifactKey: Guid(a9c92c43e5b923841a85da6a30b4868a) Importer(815301076,1909f56bfc062723c751e8b465ee728b)
Start importing Assets/kenney_pixel-platformer/Tiles/tile_0008.png using Guid(a9c92c43e5b923841a85da6a30b4868a) Importer(815301076,1909f56bfc062723c751e8b465ee728b)  -> (artifact id: '462a97f4c37ab1c95b84a1e6160b6556') in 0.027911 seconds 
========================================================================
Received Import Request.
  Time since last request: 0.000021 seconds.
  path: Assets/kenney_pixel-platformer/Tiles/tile_0065.png
  artifactKey: Guid(114ccd79fe0749b49a3bfb23d80fd4fd) Importer(815301076,1909f56bfc062723c751e8b465ee728b)
Start importing Assets/kenney_pixel-platformer/Tiles/tile_0065.png using Guid(114ccd79fe0749b49a3bfb23d80fd4fd) Importer(815301076,1909f56bfc062723c751e8b465ee728b)  -> (artifact id: '681064d7894c28b490eef6ead1053d5a') in 0.031009 seconds 
========================================================================
Received Import Request.
  Time since last request: 0.000025 seconds.
  path: Assets/kenney_pixel-platformer/Tiles/tile_0006.png
  artifactKey: Guid(1f4d3f168af651c4cb882a1b9ad1a34a) Importer(815301076,1909f56bfc062723c751e8b465ee728b)
Start importing Assets/kenney_pixel-platformer/Tiles/tile_0006.png using Guid(1f4d3f168af651c4cb882a1b9ad1a34a) Importer(815301076,1909f56bfc062723c751e8b465ee728b)  -> (artifact id: '9e997d5592a90da8e286f39d5a8cef13') in 0.026764 seconds 
========================================================================
Received Import Request.
  Time since last request: 0.000021 seconds.
  path: Assets/kenney_pixel-platformer/Tiles/tile_0030.png
  artifactKey: Guid(2d467e2b28e248b4c86e775e3cd80629) Importer(815301076,1909f56bfc062723c751e8b465ee728b)
Start importing Assets/kenney_pixel-platformer/Tiles/tile_0030.png using Guid(2d467e2b28e248b4c86e775e3cd80629) Importer(815301076,1909f56bfc062723c751e8b465ee728b)  -> (artifact id: 'df81707e84ac9f4267d0b697c7a5e6e2') in 0.020986 seconds 
========================================================================
Received Import Request.
  Time since last request: 0.000022 seconds.
  path: Assets/kenney_pixel-platformer/Tiles/tile_0079.png
  artifactKey: Guid(d902112fe1344f14da467d1d53e664df) Importer(815301076,1909f56bfc062723c751e8b465ee728b)
Start importing Assets/kenney_pixel-platformer/Tiles/tile_0079.png using Guid(d902112fe1344f14da467d1d53e664df) Importer(815301076,1909f56bfc062723c751e8b465ee728b)  -> (artifact id: '5487eb90e87c64ca339ef8726e807421') in 0.027224 seconds 
========================================================================
Received Import Request.
  Time since last request: 0.000021 seconds.
  path: Assets/kenney_pixel-platformer/Tiles/tile_0021.png
  artifactKey: Guid(a05825b6237570a40b42e32f0cc16a1d) Importer(815301076,1909f56bfc062723c751e8b465ee728b)
Start importing Assets/kenney_pixel-platformer/Tiles/tile_0021.png using Guid(a05825b6237570a40b42e32f0cc16a1d) Importer(815301076,1909f56bfc062723c751e8b465ee728b)  -> (artifact id: '69c388c6c704076d975969f77f2979b8') in 0.021270 seconds 
========================================================================
Received Import Request.
  Time since last request: 0.000021 seconds.
  path: Assets/kenney_pixel-platformer/Tiles/tile_0088.png
  artifactKey: Guid(3af5596f9bc17ed4d8c7481dd8d5d9d8) Importer(815301076,1909f56bfc062723c751e8b465ee728b)
Start importing Assets/kenney_pixel-platformer/Tiles/tile_0088.png using Guid(3af5596f9bc17ed4d8c7481dd8d5d9d8) Importer(815301076,1909f56bfc062723c751e8b465ee728b)  -> (artifact id: '5efaf220f2f6a4fa6ccf015f13db38a4') in 0.024013 seconds 
========================================================================
Received Import Request.
  Time since last request: 0.000027 seconds.
  path: Assets/kenney_pixel-platformer/Tiles/tile_0034.png
  artifactKey: Guid(edc27aef9b42f934fa4add9cbb9d8cd4) Importer(815301076,1909f56bfc062723c751e8b465ee728b)
Start importing Assets/kenney_pixel-platformer/Tiles/tile_0034.png using Guid(edc27aef9b42f934fa4add9cbb9d8cd4) Importer(815301076,1909f56bfc062723c751e8b465ee728b)  -> (artifact id: '9139459bdef242aaf6209bfecf20fcde') in 0.026136 seconds 
========================================================================
Received Import Request.
  Time since last request: 0.000034 seconds.
  path: Assets/kenney_pixel-platformer/Tiles/tile_0062.png
  artifactKey: Guid(0183b58a40b3ec04290aade518d5ed67) Importer(815301076,1909f56bfc062723c751e8b465ee728b)
Start importing Assets/kenney_pixel-platformer/Tiles/tile_0062.png using Guid(0183b58a40b3ec04290aade518d5ed67) Importer(815301076,1909f56bfc062723c751e8b465ee728b)  -> (artifact id: '0a6573ed2161f96d5f32eb1fcc0da1e1') in 0.022662 seconds 
========================================================================
Received Import Request.
  Time since last request: 0.000022 seconds.
  path: Assets/kenney_pixel-platformer/Tiles/tile_0123.png
  artifactKey: Guid(79fc097a916eefe409ea400b35c6c2c7) Importer(815301076,1909f56bfc062723c751e8b465ee728b)
Start importing Assets/kenney_pixel-platformer/Tiles/tile_0123.png using Guid(79fc097a916eefe409ea400b35c6c2c7) Importer(815301076,1909f56bfc062723c751e8b465ee728b)  -> (artifact id: '3896e22eaab00874f28b3391d4ad74aa') in 0.020577 seconds 
========================================================================
Received Import Request.
  Time since last request: 0.000022 seconds.
  path: Assets/kenney_pixel-platformer/Tiles/tile_0080.png
  artifactKey: Guid(47f0be5e5b42f434d98e144fb1dd18c2) Importer(815301076,1909f56bfc062723c751e8b465ee728b)
Start importing Assets/kenney_pixel-platformer/Tiles/tile_0080.png using Guid(47f0be5e5b42f434d98e144fb1dd18c2) Importer(815301076,1909f56bfc062723c751e8b465ee728b)  -> (artifact id: '1138de279eefb628c270e40947212146') in 0.023560 seconds 
========================================================================
Received Import Request.
  Time since last request: 0.000021 seconds.
  path: Assets/kenney_pixel-platformer/Tiles/tile_0124.png
  artifactKey: Guid(fd72141100793e94bbc67373256b2c1a) Importer(815301076,1909f56bfc062723c751e8b465ee728b)
Start importing Assets/kenney_pixel-platformer/Tiles/tile_0124.png using Guid(fd72141100793e94bbc67373256b2c1a) Importer(815301076,1909f56bfc062723c751e8b465ee728b)  -> (artifact id: 'cf36967acec3b69c241de89d78975314') in 0.020447 seconds 
========================================================================
Received Import Request.
  Time since last request: 0.000024 seconds.
  path: Assets/kenney_pixel-platformer/Tiles/tile_0120.png
  artifactKey: Guid(706826019b9a51e48bae782c99d5ae5b) Importer(815301076,1909f56bfc062723c751e8b465ee728b)
Start importing Assets/kenney_pixel-platformer/Tiles/tile_0120.png using Guid(706826019b9a51e48bae782c99d5ae5b) Importer(815301076,1909f56bfc062723c751e8b465ee728b)  -> (artifact id: '23b920d43629cc4f351e734c50debe24') in 0.019724 seconds 
========================================================================
Received Import Request.
  Time since last request: 0.000024 seconds.
  path: Assets/kenney_pixel-platformer/Tiles/tile_0085.png
  artifactKey: Guid(b4d0eb8aa613a7840ade98c09607fc8b) Importer(815301076,1909f56bfc062723c751e8b465ee728b)
Start importing Assets/kenney_pixel-platformer/Tiles/tile_0085.png using Guid(b4d0eb8aa613a7840ade98c09607fc8b) Importer(815301076,1909f56bfc062723c751e8b465ee728b)  -> (artifact id: '884208be76a6ee54db52e258abaeaa66') in 0.024797 seconds 
========================================================================
Received Import Request.
  Time since last request: 0.000023 seconds.
  path: Assets/kenney_pixel-platformer/Tiles/tile_0099.png
  artifactKey: Guid(4405847b84fbd8b4a9179aec2005080c) Importer(815301076,1909f56bfc062723c751e8b465ee728b)
Start importing Assets/kenney_pixel-platformer/Tiles/tile_0099.png using Guid(4405847b84fbd8b4a9179aec2005080c) Importer(815301076,1909f56bfc062723c751e8b465ee728b)  -> (artifact id: '3cac4540c29925106c48f8a90d11f8f5') in 0.022822 seconds 
========================================================================
Received Import Request.
  Time since last request: 0.000022 seconds.
  path: Assets/kenney_pixel-platformer/Tiles/tile_0073.png
  artifactKey: Guid(cdf5b5b20fef30d4282daa546790d722) Importer(815301076,1909f56bfc062723c751e8b465ee728b)
Start importing Assets/kenney_pixel-platformer/Tiles/tile_0073.png using Guid(cdf5b5b20fef30d4282daa546790d722) Importer(815301076,1909f56bfc062723c751e8b465ee728b)  -> (artifact id: 'e8b2415ec88c67d9a449c706e586dcb1') in 0.027927 seconds 
========================================================================
Received Import Request.
  Time since last request: 0.000028 seconds.
  path: Assets/kenney_pixel-platformer/Tiles/tile_0043.png
  artifactKey: Guid(f75efc5fb561ce44eb784433430edc06) Importer(815301076,1909f56bfc062723c751e8b465ee728b)
Start importing Assets/kenney_pixel-platformer/Tiles/tile_0043.png using Guid(f75efc5fb561ce44eb784433430edc06) Importer(815301076,1909f56bfc062723c751e8b465ee728b)  -> (artifact id: 'cb3f570cd04b836c8c6ce80df21bc116') in 0.020014 seconds 
========================================================================
Received Import Request.
  Time since last request: 0.000032 seconds.
  path: Assets/kenney_pixel-platformer/Tiles/tile_0141.png
  artifactKey: Guid(6bdaf93b1df1bfd4bbbf1f42f2c39644) Importer(815301076,1909f56bfc062723c751e8b465ee728b)
Start importing Assets/kenney_pixel-platformer/Tiles/tile_0141.png using Guid(6bdaf93b1df1bfd4bbbf1f42f2c39644) Importer(815301076,1909f56bfc062723c751e8b465ee728b)  -> (artifact id: 'babe693a65654954d57b86166ed9ae88') in 0.024108 seconds 
========================================================================
Received Import Request.
  Time since last request: 0.000025 seconds.
  path: Assets/kenney_pixel-platformer/Tiles/tile_0015.png
  artifactKey: Guid(9e9d23aa45f599e488cefabed2519d2c) Importer(815301076,1909f56bfc062723c751e8b465ee728b)
Start importing Assets/kenney_pixel-platformer/Tiles/tile_0015.png using Guid(9e9d23aa45f599e488cefabed2519d2c) Importer(815301076,1909f56bfc062723c751e8b465ee728b)  -> (artifact id: 'ad4da0afd214c9dc2e4619861d68bbb0') in 0.043059 seconds 
========================================================================
Received Import Request.
  Time since last request: 0.000021 seconds.
  path: Assets/kenney_pixel-platformer/Tiles/tile_0048.png
  artifactKey: Guid(de36c53b59be84f469519601a1e7c9b7) Importer(815301076,1909f56bfc062723c751e8b465ee728b)
Start importing Assets/kenney_pixel-platformer/Tiles/tile_0048.png using Guid(de36c53b59be84f469519601a1e7c9b7) Importer(815301076,1909f56bfc062723c751e8b465ee728b)  -> (artifact id: 'b69be1534ae262ca1149316ff7430631') in 0.019419 seconds 
========================================================================
Received Import Request.
  Time since last request: 0.000027 seconds.
  path: Assets/kenney_pixel-platformer/Tiles/tile_0012.png
  artifactKey: Guid(64a004bc959199e4a982b2f5d2cce083) Importer(815301076,1909f56bfc062723c751e8b465ee728b)
Start importing Assets/kenney_pixel-platformer/Tiles/tile_0012.png using Guid(64a004bc959199e4a982b2f5d2cce083) Importer(815301076,1909f56bfc062723c751e8b465ee728b)  -> (artifact id: 'ab0b76432972472813e9dc5eb32d6fec') in 0.021150 seconds 
========================================================================
Received Import Request.
  Time since last request: 0.000022 seconds.
  path: Assets/kenney_pixel-platformer/Tiles/tile_0017.png
  artifactKey: Guid(d62dc219d6e606e4a8ab668a5423e9a1) Importer(815301076,1909f56bfc062723c751e8b465ee728b)
Start importing Assets/kenney_pixel-platformer/Tiles/tile_0017.png using Guid(d62dc219d6e606e4a8ab668a5423e9a1) Importer(815301076,1909f56bfc062723c751e8b465ee728b)  -> (artifact id: '481d0d912b5138ddd79be71421fafa2a') in 0.023251 seconds 
========================================================================
Received Import Request.
  Time since last request: 0.000025 seconds.
  path: Assets/kenney_pixel-platformer/Tiles/tile_0070.png
  artifactKey: Guid(36f8935431ea4ae46a2638909cdabfc5) Importer(815301076,1909f56bfc062723c751e8b465ee728b)
Start importing Assets/kenney_pixel-platformer/Tiles/tile_0070.png using Guid(36f8935431ea4ae46a2638909cdabfc5) Importer(815301076,1909f56bfc062723c751e8b465ee728b)  -> (artifact id: 'a0a22807da3866a85a7d64c88d421207') in 0.022313 seconds 
========================================================================
Received Import Request.
  Time since last request: 0.000024 seconds.
  path: Assets/kenney_pixel-platformer/Tiles/tile_0115.png
  artifactKey: Guid(78a24d5cd0ad3974c88bc7dc41b36754) Importer(815301076,1909f56bfc062723c751e8b465ee728b)
Start importing Assets/kenney_pixel-platformer/Tiles/tile_0115.png using Guid(78a24d5cd0ad3974c88bc7dc41b36754) Importer(815301076,1909f56bfc062723c751e8b465ee728b)  -> (artifact id: 'f097a560ec296c702ef2d98edcce09b6') in 0.021063 seconds 
========================================================================
Received Import Request.
  Time since last request: 0.000029 seconds.
  path: Assets/kenney_pixel-platformer/Tiles/tile_0138.png
  artifactKey: Guid(7c774ae146adc7a468e1e0373cb80ce7) Importer(815301076,1909f56bfc062723c751e8b465ee728b)
Start importing Assets/kenney_pixel-platformer/Tiles/tile_0138.png using Guid(7c774ae146adc7a468e1e0373cb80ce7) Importer(815301076,1909f56bfc062723c751e8b465ee728b)  -> (artifact id: '8dd1aa233c775364d049aa6a5c7cd0bb') in 0.022085 seconds 
========================================================================
Received Import Request.
  Time since last request: 0.000040 seconds.
  path: Assets/kenney_pixel-platformer/Tiles/tile_0128.png
  artifactKey: Guid(52b57bb4dddc442479b96cbf2d8786fc) Importer(815301076,1909f56bfc062723c751e8b465ee728b)
Start importing Assets/kenney_pixel-platformer/Tiles/tile_0128.png using Guid(52b57bb4dddc442479b96cbf2d8786fc) Importer(815301076,1909f56bfc062723c751e8b465ee728b)  -> (artifact id: '16de77c1a6b9d11b68b963390424b137') in 0.020761 seconds 
========================================================================
Received Import Request.
  Time since last request: 0.000022 seconds.
  path: Assets/kenney_pixel-platformer/Tiles/tile_0095.png
  artifactKey: Guid(9b5e4d46b819c4b47a354cf7804c2f9e) Importer(815301076,1909f56bfc062723c751e8b465ee728b)
Start importing Assets/kenney_pixel-platformer/Tiles/tile_0095.png using Guid(9b5e4d46b819c4b47a354cf7804c2f9e) Importer(815301076,1909f56bfc062723c751e8b465ee728b)  -> (artifact id: '3070a5d127b19ecfe454f928e76a8b07') in 0.020727 seconds 
========================================================================
Received Import Request.
  Time since last request: 0.000024 seconds.
  path: Assets/kenney_pixel-platformer/Tiles/tile_0051.png
  artifactKey: Guid(72d1e7857f0bb4e4db240b8fa5afaeaa) Importer(815301076,1909f56bfc062723c751e8b465ee728b)
Start importing Assets/kenney_pixel-platformer/Tiles/tile_0051.png using Guid(72d1e7857f0bb4e4db240b8fa5afaeaa) Importer(815301076,1909f56bfc062723c751e8b465ee728b)  -> (artifact id: '81900cfbcda3efb01e3d91b9755b694a') in 0.021487 seconds 
========================================================================
Received Import Request.
  Time since last request: 0.000024 seconds.
  path: Assets/kenney_pixel-platformer/Tiles/tile_0040.png
  artifactKey: Guid(874da5989a787774985a35dd94fc1c33) Importer(815301076,1909f56bfc062723c751e8b465ee728b)
Start importing Assets/kenney_pixel-platformer/Tiles/tile_0040.png using Guid(874da5989a787774985a35dd94fc1c33) Importer(815301076,1909f56bfc062723c751e8b465ee728b)  -> (artifact id: '6679f11c1991bb03463c85c320c891cb') in 0.022058 seconds 
========================================================================
Received Import Request.
  Time since last request: 0.000028 seconds.
  path: Assets/kenney_pixel-platformer/Tiles/tile_0050.png
  artifactKey: Guid(6d059ee3fbcaf68408d8b1e675279e1d) Importer(815301076,1909f56bfc062723c751e8b465ee728b)
Start importing Assets/kenney_pixel-platformer/Tiles/tile_0050.png using Guid(6d059ee3fbcaf68408d8b1e675279e1d) Importer(815301076,1909f56bfc062723c751e8b465ee728b)  -> (artifact id: '8a15693060d07f2e182db013657fabb1') in 0.021312 seconds 
========================================================================
Received Import Request.
  Time since last request: 0.000022 seconds.
  path: Assets/kenney_pixel-platformer/Tiles/tile_0074.png
  artifactKey: Guid(efa328df0feb14a43b2ff36b720dff6d) Importer(815301076,1909f56bfc062723c751e8b465ee728b)
Start importing Assets/kenney_pixel-platformer/Tiles/tile_0074.png using Guid(efa328df0feb14a43b2ff36b720dff6d) Importer(815301076,1909f56bfc062723c751e8b465ee728b)  -> (artifact id: '8f8058cc88e732aea9980f0635d252dd') in 0.021016 seconds 
========================================================================
Received Import Request.
  Time since last request: 0.000024 seconds.
  path: Assets/kenney_pixel-platformer/Tiles/tile_0002.png
  artifactKey: Guid(d92ecf6864b5abc4e97b5129530feff1) Importer(815301076,1909f56bfc062723c751e8b465ee728b)
Start importing Assets/kenney_pixel-platformer/Tiles/tile_0002.png using Guid(d92ecf6864b5abc4e97b5129530feff1) Importer(815301076,1909f56bfc062723c751e8b465ee728b)  -> (artifact id: '382f90ad0bd895670491cff72a4d9a4a') in 0.022040 seconds 
========================================================================
Received Import Request.
  Time since last request: 0.000024 seconds.
  path: Assets/kenney_pixel-platformer/Tiles/tile_0121.png
  artifactKey: Guid(f6ac599b55be6d747a52070825120319) Importer(815301076,1909f56bfc062723c751e8b465ee728b)
Start importing Assets/kenney_pixel-platformer/Tiles/tile_0121.png using Guid(f6ac599b55be6d747a52070825120319) Importer(815301076,1909f56bfc062723c751e8b465ee728b)  -> (artifact id: '471b2a21ed74a8526291ed6e258a8cfb') in 0.020564 seconds 
========================================================================
Received Import Request.
  Time since last request: 0.000029 seconds.
  path: Assets/kenney_pixel-platformer/Tiles/tile_0131.png
  artifactKey: Guid(867e8df74d850df438d1cd4f29d20513) Importer(815301076,1909f56bfc062723c751e8b465ee728b)
Start importing Assets/kenney_pixel-platformer/Tiles/tile_0131.png using Guid(867e8df74d850df438d1cd4f29d20513) Importer(815301076,1909f56bfc062723c751e8b465ee728b)  -> (artifact id: 'c67e70c08213ebffde2d71f81addee92') in 0.028696 seconds 
========================================================================
Received Import Request.
  Time since last request: 0.000029 seconds.
  path: Assets/kenney_pixel-platformer/Tiles/tile_0077.png
  artifactKey: Guid(6f30f9eff1b00dc40b7b1727b62b490f) Importer(815301076,1909f56bfc062723c751e8b465ee728b)
Start importing Assets/kenney_pixel-platformer/Tiles/tile_0077.png using Guid(6f30f9eff1b00dc40b7b1727b62b490f) Importer(815301076,1909f56bfc062723c751e8b465ee728b)  -> (artifact id: '2af133b10c1275f0bcb8d863b7891bb0') in 0.018902 seconds 
========================================================================
Received Import Request.
  Time since last request: 0.000019 seconds.
  path: Assets/kenney_pixel-platformer/Tiles/tile_0110.png
  artifactKey: Guid(6a95391257384b047888955c3e60427f) Importer(815301076,1909f56bfc062723c751e8b465ee728b)
Start importing Assets/kenney_pixel-platformer/Tiles/tile_0110.png using Guid(6a95391257384b047888955c3e60427f) Importer(815301076,1909f56bfc062723c751e8b465ee728b)  -> (artifact id: 'aecccbfa4f45306f017b704a7ceb8797') in 0.019055 seconds 
========================================================================
Received Import Request.
  Time since last request: 0.000019 seconds.
  path: Assets/kenney_pixel-platformer/Tiles/tile_0071.png
  artifactKey: Guid(45f205b39dfbf674f94ae93b9777be5d) Importer(815301076,1909f56bfc062723c751e8b465ee728b)
Start importing Assets/kenney_pixel-platformer/Tiles/tile_0071.png using Guid(45f205b39dfbf674f94ae93b9777be5d) Importer(815301076,1909f56bfc062723c751e8b465ee728b)  -> (artifact id: 'b1a5cb23a518e95a17f34b4c2c34608c') in 0.018367 seconds 
========================================================================
Received Import Request.
  Time since last request: 0.000022 seconds.
  path: Assets/kenney_pixel-platformer/Tiles/tile_0114.png
  artifactKey: Guid(e848328c9b4c33e4996b2518eac65b41) Importer(815301076,1909f56bfc062723c751e8b465ee728b)
Start importing Assets/kenney_pixel-platformer/Tiles/tile_0114.png using Guid(e848328c9b4c33e4996b2518eac65b41) Importer(815301076,1909f56bfc062723c751e8b465ee728b)  -> (artifact id: 'a7b374e8ad64e6d69f9c30a73b377c01') in 0.018807 seconds 
========================================================================
Received Import Request.
  Time since last request: 0.000018 seconds.
  path: Assets/kenney_pixel-platformer/Tiles/tile_0057.png
  artifactKey: Guid(352dd4186b989cb4ca8ab6e3cd6e0a9a) Importer(815301076,1909f56bfc062723c751e8b465ee728b)
Start importing Assets/kenney_pixel-platformer/Tiles/tile_0057.png using Guid(352dd4186b989cb4ca8ab6e3cd6e0a9a) Importer(815301076,1909f56bfc062723c751e8b465ee728b)  -> (artifact id: '66d47d8b308d7504c89c6132ccdea00e') in 0.018732 seconds 
========================================================================
Received Import Request.
  Time since last request: 0.000025 seconds.
  path: Assets/kenney_pixel-platformer/Tiles/tile_0078.png
  artifactKey: Guid(b67ac96a226bb4b4eb34127d3aed97bd) Importer(815301076,1909f56bfc062723c751e8b465ee728b)
Start importing Assets/kenney_pixel-platformer/Tiles/tile_0078.png using Guid(b67ac96a226bb4b4eb34127d3aed97bd) Importer(815301076,1909f56bfc062723c751e8b465ee728b)  -> (artifact id: 'bcfa77d715e57d7294b1a6cf7ad7aaa8') in 0.041471 seconds 
========================================================================
Received Import Request.
  Time since last request: 0.000025 seconds.
  path: Assets/kenney_pixel-platformer/Tiles/tile_0109.png
  artifactKey: Guid(aee0ec6bbe5d81b48856e4912e0576b3) Importer(815301076,1909f56bfc062723c751e8b465ee728b)
Start importing Assets/kenney_pixel-platformer/Tiles/tile_0109.png using Guid(aee0ec6bbe5d81b48856e4912e0576b3) Importer(815301076,1909f56bfc062723c751e8b465ee728b)  -> (artifact id: '9d286b490573f8afb5ee55f12343da4e') in 0.024553 seconds 
========================================================================
Received Import Request.
  Time since last request: 0.000022 seconds.
  path: Assets/kenney_pixel-platformer/Tiles/tile_0044.png
  artifactKey: Guid(20af90089e58ace47b1ae8dc1b761dfd) Importer(815301076,1909f56bfc062723c751e8b465ee728b)
Start importing Assets/kenney_pixel-platformer/Tiles/tile_0044.png using Guid(20af90089e58ace47b1ae8dc1b761dfd) Importer(815301076,1909f56bfc062723c751e8b465ee728b)  -> (artifact id: 'ce8d04ebf094de6ba08587955e77f0ed') in 0.028962 seconds 
========================================================================
Received Import Request.
  Time since last request: 0.000053 seconds.
  path: Assets/kenney_pixel-platformer/Tiles/tile_0069.png
  artifactKey: Guid(987a64dfec04cba47b0f56d145131760) Importer(815301076,1909f56bfc062723c751e8b465ee728b)
Start importing Assets/kenney_pixel-platformer/Tiles/tile_0069.png using Guid(987a64dfec04cba47b0f56d145131760) Importer(815301076,1909f56bfc062723c751e8b465ee728b)  -> (artifact id: '47bb3975e26228e2498ebc79ef2f0ee9') in 0.021246 seconds 
========================================================================
Received Import Request.
  Time since last request: 0.000037 seconds.
  path: Assets/kenney_pixel-platformer/Tiles/tile_0140.png
  artifactKey: Guid(72734164503829d48b4c4d08b39e4d32) Importer(815301076,1909f56bfc062723c751e8b465ee728b)
Start importing Assets/kenney_pixel-platformer/Tiles/tile_0140.png using Guid(72734164503829d48b4c4d08b39e4d32) Importer(815301076,1909f56bfc062723c751e8b465ee728b)  -> (artifact id: '26c723b69b5602106db5b3dc476cd5f1') in 0.022429 seconds 
========================================================================
Received Import Request.
  Time since last request: 0.000019 seconds.
  path: Assets/kenney_pixel-platformer/Tiles/tile_0022.png
  artifactKey: Guid(c5f5ba4a394c49c47a88c4b4cf68541b) Importer(815301076,1909f56bfc062723c751e8b465ee728b)
Start importing Assets/kenney_pixel-platformer/Tiles/tile_0022.png using Guid(c5f5ba4a394c49c47a88c4b4cf68541b) Importer(815301076,1909f56bfc062723c751e8b465ee728b)  -> (artifact id: '63e52aadccfb1cdca3430f245d30b54c') in 0.026125 seconds 
========================================================================
Received Import Request.
  Time since last request: 0.000021 seconds.
  path: Assets/kenney_pixel-platformer/Tiles/tile_0098.png
  artifactKey: Guid(41577fb3d22ba6c4e8b41397b9c4623c) Importer(815301076,1909f56bfc062723c751e8b465ee728b)
Start importing Assets/kenney_pixel-platformer/Tiles/tile_0098.png using Guid(41577fb3d22ba6c4e8b41397b9c4623c) Importer(815301076,1909f56bfc062723c751e8b465ee728b)  -> (artifact id: 'a3ae0b87094dab09f71b570defc804f3') in 0.024382 seconds 
========================================================================
Received Import Request.
  Time since last request: 0.000030 seconds.
  path: Assets/kenney_pixel-platformer/Tiles/tile_0047.png
  artifactKey: Guid(7948518122f67ce4db7eb92b49b37917) Importer(815301076,1909f56bfc062723c751e8b465ee728b)
Start importing Assets/kenney_pixel-platformer/Tiles/tile_0047.png using Guid(7948518122f67ce4db7eb92b49b37917) Importer(815301076,1909f56bfc062723c751e8b465ee728b)  -> (artifact id: '26d86d1704c88d9e50d698d2cac0b02b') in 0.022931 seconds 
========================================================================
Received Import Request.
  Time since last request: 0.000023 seconds.
  path: Assets/kenney_pixel-platformer/Tiles/tile_0143.png
  artifactKey: Guid(657bc16fc16134246a0beaf80dd9043b) Importer(815301076,1909f56bfc062723c751e8b465ee728b)
Start importing Assets/kenney_pixel-platformer/Tiles/tile_0143.png using Guid(657bc16fc16134246a0beaf80dd9043b) Importer(815301076,1909f56bfc062723c751e8b465ee728b)  -> (artifact id: 'fb738da0d6a9cb3aac4bebb22b5ab6e4') in 0.030063 seconds 
========================================================================
Received Import Request.
  Time since last request: 0.000023 seconds.
  path: Assets/kenney_pixel-platformer/Tiles/tile_0090.png
  artifactKey: Guid(dda8ad8765ed0fd40a5288cbffe003a0) Importer(815301076,1909f56bfc062723c751e8b465ee728b)
Start importing Assets/kenney_pixel-platformer/Tiles/tile_0090.png using Guid(dda8ad8765ed0fd40a5288cbffe003a0) Importer(815301076,1909f56bfc062723c751e8b465ee728b)  -> (artifact id: '06072babe653f6ff07b2b456517929a2') in 0.021091 seconds 
========================================================================
Received Import Request.
  Time since last request: 0.000022 seconds.
  path: Assets/kenney_pixel-platformer/Tiles/tile_0096.png
  artifactKey: Guid(bd8764fa514f13e48ad700b0bfc5f452) Importer(815301076,1909f56bfc062723c751e8b465ee728b)
Start importing Assets/kenney_pixel-platformer/Tiles/tile_0096.png using Guid(bd8764fa514f13e48ad700b0bfc5f452) Importer(815301076,1909f56bfc062723c751e8b465ee728b)  -> (artifact id: '6f1bf594fe329eefc6bee499b9cebef4') in 0.022169 seconds 
========================================================================
Received Import Request.
  Time since last request: 0.000020 seconds.
  path: Assets/kenney_pixel-platformer/Tiles/tile_0091.png
  artifactKey: Guid(93975f4c396ad0740917e49e24d61bc3) Importer(815301076,1909f56bfc062723c751e8b465ee728b)
Start importing Assets/kenney_pixel-platformer/Tiles/tile_0091.png using Guid(93975f4c396ad0740917e49e24d61bc3) Importer(815301076,1909f56bfc062723c751e8b465ee728b)  -> (artifact id: '0ce04ad824de686e61af30f7fb1edc4f') in 0.027002 seconds 
========================================================================
Received Import Request.
  Time since last request: 0.000023 seconds.
  path: Assets/kenney_pixel-platformer/Tiles/tile_0093.png
  artifactKey: Guid(15c695487c7fd7e49b618ae870cd5f83) Importer(815301076,1909f56bfc062723c751e8b465ee728b)
Start importing Assets/kenney_pixel-platformer/Tiles/tile_0093.png using Guid(15c695487c7fd7e49b618ae870cd5f83) Importer(815301076,1909f56bfc062723c751e8b465ee728b)  -> (artifact id: 'dca3e573255769cc4362dccb42ef3a43') in 0.022002 seconds 
========================================================================
Received Import Request.
  Time since last request: 0.000036 seconds.
  path: Assets/kenney_pixel-platformer/Tiles/tile_0064.png
  artifactKey: Guid(eff61b9c2206cd340a8656cf9926cbbf) Importer(815301076,1909f56bfc062723c751e8b465ee728b)
Start importing Assets/kenney_pixel-platformer/Tiles/tile_0064.png using Guid(eff61b9c2206cd340a8656cf9926cbbf) Importer(815301076,1909f56bfc062723c751e8b465ee728b)  -> (artifact id: '0537891bf0a524e8c6554f9992b1fdc9') in 0.038141 seconds 
Editor requested this worker to shutdown with reason: Scaling down because of idle timeout
AssetImportWorker is now disconnected from the server
Process exiting
Exiting without the bug reporter. Application will terminate with return code 0