Using pre-set license
Built from '2021.3/staging' branch; Version is '2021.3.23f1 (213b516bf396) revision 2177873'; Using compiler version '192829333'; Build Type 'Release'
OS: 'Windows 10  (10.0.19045) 64bit Enterprise' Language: 'en' Physical Memory: 65224 MB
BatchMode: 1, IsHumanControllingUs: 0, StartBugReporterOnCrash: 0, Is64bit: 1, IsPro: 1

COMMAND LINE ARGUMENTS:
C:\Program Files\Unity\Hub\Editor\2021.3.23f1\Editor\Unity.exe
-adb2
-batchMode
-noUpm
-name
AssetImportWorker8
-projectPath
C:/Temp/Andrew Capela/First2DProjectafteroon2023.2
-logFile
Logs/AssetImportWorker8.log
-srvPort
50721
Successfully changed project path to: C:/Temp/Andrew Capela/First2DProjectafteroon2023.2
C:/Temp/Andrew Capela/First2DProjectafteroon2023.2
[UnityMemory] Configuration Parameters - Can be set up in boot.config
    "memorysetup-bucket-allocator-granularity=16"
    "memorysetup-bucket-allocator-bucket-count=8"
    "memorysetup-bucket-allocator-block-size=33554432"
    "memorysetup-bucket-allocator-block-count=8"
    "memorysetup-main-allocator-block-size=16777216"
    "memorysetup-thread-allocator-block-size=16777216"
    "memorysetup-gfx-main-allocator-block-size=16777216"
    "memorysetup-gfx-thread-allocator-block-size=16777216"
    "memorysetup-cache-allocator-block-size=4194304"
    "memorysetup-typetree-allocator-block-size=2097152"
    "memorysetup-profiler-bucket-allocator-granularity=16"
    "memorysetup-profiler-bucket-allocator-bucket-count=8"
    "memorysetup-profiler-bucket-allocator-block-size=33554432"
    "memorysetup-profiler-bucket-allocator-block-count=8"
    "memorysetup-profiler-allocator-block-size=16777216"
    "memorysetup-profiler-editor-allocator-block-size=1048576"
    "memorysetup-temp-allocator-size-main=16777216"
    "memorysetup-job-temp-allocator-block-size=2097152"
    "memorysetup-job-temp-allocator-block-size-background=1048576"
    "memorysetup-job-temp-allocator-reduction-small-platforms=262144"
    "memorysetup-temp-allocator-size-background-worker=32768"
    "memorysetup-temp-allocator-size-job-worker=262144"
    "memorysetup-temp-allocator-size-preload-manager=33554432"
    "memorysetup-temp-allocator-size-nav-mesh-worker=65536"
    "memorysetup-temp-allocator-size-audio-worker=65536"
    "memorysetup-temp-allocator-size-cloud-worker=32768"
    "memorysetup-temp-allocator-size-gi-baking-worker=262144"
    "memorysetup-temp-allocator-size-gfx=262144"
Player connection [22416] Host "[IP] 172.27.14.96 [Port] 0 [Flags] 2 [Guid] 690957247 [EditorId] 690957247 [Version] 1048832 [Id] WindowsEditor(7,NS00J002004DE01) [Debug] 1 [PackageName] WindowsEditor [ProjectName] Editor" joined multi-casting on [225.0.0.222:54997]...

Player connection [22416] Host "[IP] 172.27.14.96 [Port] 0 [Flags] 2 [Guid] 690957247 [EditorId] 690957247 [Version] 1048832 [Id] WindowsEditor(7,NS00J002004DE01) [Debug] 1 [PackageName] WindowsEditor [ProjectName] Editor" joined alternative multi-casting on [225.0.0.222:34997]...

Refreshing native plugins compatible for Editor in 105.57 ms, found 4 plugins.
Preloading 0 native plugins for Editor in 0.00 ms.
Initialize engine version: 2021.3.23f1 (213b516bf396)
[Subsystems] Discovering subsystems at path C:/Program Files/Unity/Hub/Editor/2021.3.23f1/Editor/Data/Resources/UnitySubsystems
[Subsystems] Discovering subsystems at path C:/Temp/Andrew Capela/First2DProjectafteroon2023.2/Assets
GfxDevice: creating device client; threaded=0; jobified=0
Direct3D:
    Version:  Direct3D 11.0 [level 11.1]
    Renderer: NVIDIA RTX A4000 (ID=0x24b0)
    Vendor:   NVIDIA
    VRAM:     16183 MB
    Driver:   31.0.15.2886
Initialize mono
Mono path[0] = 'C:/Program Files/Unity/Hub/Editor/2021.3.23f1/Editor/Data/Managed'
Mono path[1] = 'C:/Program Files/Unity/Hub/Editor/2021.3.23f1/Editor/Data/MonoBleedingEdge/lib/mono/unityjit-win32'
Mono config path = 'C:/Program Files/Unity/Hub/Editor/2021.3.23f1/Editor/Data/MonoBleedingEdge/etc'
Using monoOptions --debugger-agent=transport=dt_socket,embedding=1,server=y,suspend=n,address=127.0.0.1:56476
Begin MonoManager ReloadAssembly
Registering precompiled unity dll's ...
Register platform support module: C:/Program Files/Unity/Hub/Editor/2021.3.23f1/Editor/Data/PlaybackEngines/AndroidPlayer/UnityEditor.Android.Extensions.dll
Register platform support module: C:/Program Files/Unity/Hub/Editor/2021.3.23f1/Editor/Data/PlaybackEngines/WindowsStandaloneSupport/UnityEditor.WindowsStandalone.Extensions.dll
Registered in 0.009358 seconds.
Native extension for WindowsStandalone target not found
Native extension for Android target not found
Android Extension - Scanning For ADB Devices 467 ms
Refreshing native plugins compatible for Editor in 102.02 ms, found 4 plugins.
Preloading 0 native plugins for Editor in 0.00 ms.
Mono: successfully reloaded assembly
- Completed reload, in  1.463 seconds
Domain Reload Profiling:
	ReloadAssembly (1464ms)
		BeginReloadAssembly (102ms)
			ExecutionOrderSort (0ms)
			DisableScriptedObjects (0ms)
			BackupInstance (0ms)
			ReleaseScriptingObjects (0ms)
			CreateAndSetChildDomain (1ms)
		EndReloadAssembly (1147ms)
			LoadAssemblies (99ms)
			RebuildTransferFunctionScriptingTraits (0ms)
			SetupTypeCache (227ms)
			ReleaseScriptCaches (0ms)
			RebuildScriptCaches (33ms)
			SetupLoadedEditorAssemblies (825ms)
				LogAssemblyErrors (0ms)
				InitializePlatformSupportModulesInManaged (568ms)
				SetLoadedEditorAssemblies (0ms)
				RefreshPlugins (102ms)
				BeforeProcessingInitializeOnLoad (1ms)
				ProcessInitializeOnLoadAttributes (101ms)
				ProcessInitializeOnLoadMethodAttributes (52ms)
				AfterProcessingInitializeOnLoad (0ms)
				EditorAssembliesLoaded (0ms)
			ExecutionOrderSort2 (0ms)
			AwakeInstancesAfterBackupRestoration (0ms)
Platform modules already initialized, skipping
Registering precompiled user dll's ...
Registered in 0.008882 seconds.
Begin MonoManager ReloadAssembly
Symbol file LoadedFromMemory doesn't match image C:\Temp\Andrew Capela\First2DProjectafteroon2023.2\Library\PackageCache\com.unity.visualscripting@1.8.0\Editor\VisualScripting.Core\Dependencies\YamlDotNet\Unity.VisualScripting.YamlDotNet.dll
Symbol file LoadedFromMemory doesn't match image C:\Temp\Andrew Capela\First2DProjectafteroon2023.2\Library\PackageCache\com.unity.visualscripting@1.8.0\Editor\VisualScripting.Core\Dependencies\DotNetZip\Unity.VisualScripting.IonicZip.dll
Native extension for WindowsStandalone target not found
Native extension for Android target not found
Refreshing native plugins compatible for Editor in 101.55 ms, found 4 plugins.
Preloading 0 native plugins for Editor in 0.00 ms.
Mono: successfully reloaded assembly
- Completed reload, in  1.357 seconds
Domain Reload Profiling:
	ReloadAssembly (1358ms)
		BeginReloadAssembly (137ms)
			ExecutionOrderSort (0ms)
			DisableScriptedObjects (7ms)
			BackupInstance (0ms)
			ReleaseScriptingObjects (0ms)
			CreateAndSetChildDomain (21ms)
		EndReloadAssembly (1092ms)
			LoadAssemblies (109ms)
			RebuildTransferFunctionScriptingTraits (0ms)
			SetupTypeCache (259ms)
			ReleaseScriptCaches (1ms)
			RebuildScriptCaches (66ms)
			SetupLoadedEditorAssemblies (585ms)
				LogAssemblyErrors (0ms)
				InitializePlatformSupportModulesInManaged (21ms)
				SetLoadedEditorAssemblies (0ms)
				RefreshPlugins (102ms)
				BeforeProcessingInitializeOnLoad (109ms)
				ProcessInitializeOnLoadAttributes (297ms)
				ProcessInitializeOnLoadMethodAttributes (46ms)
				AfterProcessingInitializeOnLoad (10ms)
				EditorAssembliesLoaded (0ms)
			ExecutionOrderSort2 (0ms)
			AwakeInstancesAfterBackupRestoration (8ms)
Platform modules already initialized, skipping
========================================================================
Worker process is ready to serve import requests
Launched and connected shader compiler UnityShaderCompiler.exe after 0.07 seconds
Refreshing native plugins compatible for Editor in 0.70 ms, found 4 plugins.
Preloading 0 native plugins for Editor in 0.00 ms.
Unloading 3752 Unused Serialized files (Serialized files now loaded: 0)
Unloading 35 unused Assets / (56.5 KB). Loaded Objects now: 4213.
Memory consumption went from 145.5 MB to 145.4 MB.
Total: 4.598500 ms (FindLiveObjects: 0.437100 ms CreateObjectMapping: 0.171300 ms MarkObjects: 3.909600 ms  DeleteObjects: 0.079300 ms)

AssetImportParameters requested are different than current active one (requested -> active):
  custom:video-decoder-ogg-theora: a1e56fd34408186e4bbccfd4996cb3dc -> 
  custom:container-muxer-webm: aa71ff27fc2769a1b78a27578f13a17b -> 
  custom:container-demuxer-webm: 4f35f7cbe854078d1ac9338744f61a02 -> 
  custom:video-encoder-webm-vp8: eb34c28f22e8b96e1ab97ce403110664 -> 
  custom:audio-encoder-webm-vorbis: bf7c407c2cedff20999df2af8eb42d56 -> 
  custom:framework-win-MediaFoundation: 216162199b28c13a410421893ffa2e32 -> 
  custom:container-demuxer-ogg: 62fdf1f143b41e24485cea50d1cbac27 -> 
  custom:video-decoder-webm-vp8: 9c59270c3fd7afecdb556c50c9e8de78 -> 
  custom:audio-decoder-ogg-vorbis: bf7c407c2cedff20999df2af8eb42d56 -> 
========================================================================
Received Prepare
Registering precompiled user dll's ...
Registered in 0.008103 seconds.
Begin MonoManager ReloadAssembly
Symbol file LoadedFromMemory doesn't match image C:\Temp\Andrew Capela\First2DProjectafteroon2023.2\Library\PackageCache\com.unity.visualscripting@1.8.0\Editor\VisualScripting.Core\Dependencies\YamlDotNet\Unity.VisualScripting.YamlDotNet.dll
Symbol file LoadedFromMemory doesn't match image C:\Temp\Andrew Capela\First2DProjectafteroon2023.2\Library\PackageCache\com.unity.visualscripting@1.8.0\Editor\VisualScripting.Core\Dependencies\DotNetZip\Unity.VisualScripting.IonicZip.dll
Native extension for WindowsStandalone target not found
Native extension for Android target not found
Refreshing native plugins compatible for Editor in 0.90 ms, found 4 plugins.
Preloading 0 native plugins for Editor in 0.00 ms.
Mono: successfully reloaded assembly
- Completed reload, in  1.212 seconds
Domain Reload Profiling:
	ReloadAssembly (1213ms)
		BeginReloadAssembly (172ms)
			ExecutionOrderSort (0ms)
			DisableScriptedObjects (11ms)
			BackupInstance (0ms)
			ReleaseScriptingObjects (0ms)
			CreateAndSetChildDomain (37ms)
		EndReloadAssembly (916ms)
			LoadAssemblies (122ms)
			RebuildTransferFunctionScriptingTraits (0ms)
			SetupTypeCache (266ms)
			ReleaseScriptCaches (1ms)
			RebuildScriptCaches (54ms)
			SetupLoadedEditorAssemblies (404ms)
				LogAssemblyErrors (0ms)
				InitializePlatformSupportModulesInManaged (24ms)
				SetLoadedEditorAssemblies (0ms)
				RefreshPlugins (1ms)
				BeforeProcessingInitializeOnLoad (89ms)
				ProcessInitializeOnLoadAttributes (234ms)
				ProcessInitializeOnLoadMethodAttributes (45ms)
				AfterProcessingInitializeOnLoad (10ms)
				EditorAssembliesLoaded (0ms)
			ExecutionOrderSort2 (0ms)
			AwakeInstancesAfterBackupRestoration (9ms)
Platform modules already initialized, skipping
Refreshing native plugins compatible for Editor in 5.65 ms, found 4 plugins.
Preloading 0 native plugins for Editor in 0.00 ms.
Unloading 3728 Unused Serialized files (Serialized files now loaded: 0)
Unloading 22 unused Assets / (24.8 KB). Loaded Objects now: 4216.
Memory consumption went from 143.1 MB to 143.0 MB.
Total: 3.254200 ms (FindLiveObjects: 0.385200 ms CreateObjectMapping: 0.137000 ms MarkObjects: 2.707700 ms  DeleteObjects: 0.023400 ms)

AssetImportParameters requested are different than current active one (requested -> active):
  custom:video-decoder-ogg-theora: a1e56fd34408186e4bbccfd4996cb3dc -> 
  custom:container-muxer-webm: aa71ff27fc2769a1b78a27578f13a17b -> 
  custom:container-demuxer-webm: 4f35f7cbe854078d1ac9338744f61a02 -> 
  custom:video-encoder-webm-vp8: eb34c28f22e8b96e1ab97ce403110664 -> 
  custom:audio-encoder-webm-vorbis: bf7c407c2cedff20999df2af8eb42d56 -> 
  custom:framework-win-MediaFoundation: 216162199b28c13a410421893ffa2e32 -> 
  custom:container-demuxer-ogg: 62fdf1f143b41e24485cea50d1cbac27 -> 
  custom:video-decoder-webm-vp8: 9c59270c3fd7afecdb556c50c9e8de78 -> 
  custom:audio-decoder-ogg-vorbis: bf7c407c2cedff20999df2af8eb42d56 -> 
========================================================================
Received Import Request.
  Time since last request: 9098.836006 seconds.
  path: Assets/kenney_pixel-platformer/Tiles
  artifactKey: Guid(bd80fdf0cdc22bc449863707bd0c6ef1) Importer(815301076,1909f56bfc062723c751e8b465ee728b)
Start importing Assets/kenney_pixel-platformer/Tiles using Guid(bd80fdf0cdc22bc449863707bd0c6ef1) Importer(815301076,1909f56bfc062723c751e8b465ee728b)  -> (artifact id: 'fc9885786b57b2f23a5a6c87227ba91e') in 0.015143 seconds 
========================================================================
Received Import Request.
  Time since last request: 0.018657 seconds.
  path: Assets/kenney_pixel-platformer/Tiles/tile_0000.png
  artifactKey: Guid(f69a4168e94bd754ab394afc73800f7f) Importer(815301076,1909f56bfc062723c751e8b465ee728b)
Start importing Assets/kenney_pixel-platformer/Tiles/tile_0000.png using Guid(f69a4168e94bd754ab394afc73800f7f) Importer(815301076,1909f56bfc062723c751e8b465ee728b)  -> (artifact id: '4f5a857be0eba02928d0132583339ff0') in 0.153078 seconds 
========================================================================
Received Import Request.
  Time since last request: 0.000024 seconds.
  path: Assets/kenney_pixel-platformer/Tiles/tile_0060.png
  artifactKey: Guid(013cb8a94b5f16b4ab09c073eb47146d) Importer(815301076,1909f56bfc062723c751e8b465ee728b)
Start importing Assets/kenney_pixel-platformer/Tiles/tile_0060.png using Guid(013cb8a94b5f16b4ab09c073eb47146d) Importer(815301076,1909f56bfc062723c751e8b465ee728b)  -> (artifact id: '3dc62d04398b4eea68048e38cf05071d') in 0.041772 seconds 
========================================================================
Received Import Request.
  Time since last request: 0.000025 seconds.
  path: Assets/kenney_pixel-platformer/Tiles/tile_0067.png
  artifactKey: Guid(561f850d1915f6c4ba0443fa2e1ae3b0) Importer(815301076,1909f56bfc062723c751e8b465ee728b)
Start importing Assets/kenney_pixel-platformer/Tiles/tile_0067.png using Guid(561f850d1915f6c4ba0443fa2e1ae3b0) Importer(815301076,1909f56bfc062723c751e8b465ee728b)  -> (artifact id: '7e05c63157a527ce75461b34ce1737c5') in 0.021795 seconds 
========================================================================
Received Import Request.
  Time since last request: 0.000030 seconds.
  path: Assets/kenney_pixel-platformer/Tiles/tile_0076.png
  artifactKey: Guid(d3cd70a0727d3824c9be4523073f7b96) Importer(815301076,1909f56bfc062723c751e8b465ee728b)
Start importing Assets/kenney_pixel-platformer/Tiles/tile_0076.png using Guid(d3cd70a0727d3824c9be4523073f7b96) Importer(815301076,1909f56bfc062723c751e8b465ee728b)  -> (artifact id: 'a8b4447f8a7979baef5b3c7b4e3878d0') in 0.019442 seconds 
========================================================================
Received Import Request.
  Time since last request: 0.000029 seconds.
  path: Assets/kenney_pixel-platformer/Tiles/tile_0028.png
  artifactKey: Guid(5f569ffd4ce46964d9df37d2320827cc) Importer(815301076,1909f56bfc062723c751e8b465ee728b)
Start importing Assets/kenney_pixel-platformer/Tiles/tile_0028.png using Guid(5f569ffd4ce46964d9df37d2320827cc) Importer(815301076,1909f56bfc062723c751e8b465ee728b)  -> (artifact id: '00ddd6dc3eb8c81f0e59cd022347c4ab') in 0.030635 seconds 
========================================================================
Received Import Request.
  Time since last request: 0.000019 seconds.
  path: Assets/kenney_pixel-platformer/Tiles/tile_0019.png
  artifactKey: Guid(e1a81f9a8d158994b9cd3b6cc633dcdb) Importer(815301076,1909f56bfc062723c751e8b465ee728b)
Start importing Assets/kenney_pixel-platformer/Tiles/tile_0019.png using Guid(e1a81f9a8d158994b9cd3b6cc633dcdb) Importer(815301076,1909f56bfc062723c751e8b465ee728b)  -> (artifact id: 'dfb780c9676cc4ab67d3cf95422fdd2b') in 0.019718 seconds 
========================================================================
Received Import Request.
  Time since last request: 0.000019 seconds.
  path: Assets/kenney_pixel-platformer/Tiles/tile_0139.png
  artifactKey: Guid(e773d231bfc02614b926104b8f441732) Importer(815301076,1909f56bfc062723c751e8b465ee728b)
Start importing Assets/kenney_pixel-platformer/Tiles/tile_0139.png using Guid(e773d231bfc02614b926104b8f441732) Importer(815301076,1909f56bfc062723c751e8b465ee728b)  -> (artifact id: 'f8bf3c2c653ef8d2f74826c7aa156f69') in 0.029677 seconds 
========================================================================
Received Import Request.
  Time since last request: 0.000019 seconds.
  path: Assets/kenney_pixel-platformer/Tiles/tile_0129.png
  artifactKey: Guid(ec8ef1b20b699a94381b94411470a41a) Importer(815301076,1909f56bfc062723c751e8b465ee728b)
Start importing Assets/kenney_pixel-platformer/Tiles/tile_0129.png using Guid(ec8ef1b20b699a94381b94411470a41a) Importer(815301076,1909f56bfc062723c751e8b465ee728b)  -> (artifact id: 'a6eda3fb72ce644b1983f6e85c647db1') in 0.021459 seconds 
========================================================================
Received Import Request.
  Time since last request: 0.000019 seconds.
  path: Assets/kenney_pixel-platformer/Tiles/tile_0049.png
  artifactKey: Guid(71e2b0afaf9d1af4e810b29d136a3a4d) Importer(815301076,1909f56bfc062723c751e8b465ee728b)
Start importing Assets/kenney_pixel-platformer/Tiles/tile_0049.png using Guid(71e2b0afaf9d1af4e810b29d136a3a4d) Importer(815301076,1909f56bfc062723c751e8b465ee728b)  -> (artifact id: '0beecd942cfc5308c8936d9aade44eb2') in 0.024969 seconds 
========================================================================
Received Import Request.
  Time since last request: 0.000019 seconds.
  path: Assets/kenney_pixel-platformer/Tiles/tile_0122.png
  artifactKey: Guid(b355248a3953df546bb8e357d51d233c) Importer(815301076,1909f56bfc062723c751e8b465ee728b)
Start importing Assets/kenney_pixel-platformer/Tiles/tile_0122.png using Guid(b355248a3953df546bb8e357d51d233c) Importer(815301076,1909f56bfc062723c751e8b465ee728b)  -> (artifact id: '88f5c99e27e0b92f23488a58febd01ec') in 0.019057 seconds 
========================================================================
Received Import Request.
  Time since last request: 0.000019 seconds.
  path: Assets/kenney_pixel-platformer/Tiles/tile_0119.png
  artifactKey: Guid(eb5553865ee6d4143ae98e0bbc5c6b47) Importer(815301076,1909f56bfc062723c751e8b465ee728b)
Start importing Assets/kenney_pixel-platformer/Tiles/tile_0119.png using Guid(eb5553865ee6d4143ae98e0bbc5c6b47) Importer(815301076,1909f56bfc062723c751e8b465ee728b)  -> (artifact id: '6f25c6b04eb7bed0280518211eaf9a05') in 0.020094 seconds 
========================================================================
Received Import Request.
  Time since last request: 0.000025 seconds.
  path: Assets/kenney_pixel-platformer/Tiles/tile_0045.png
  artifactKey: Guid(94c35ff58002d83468f5f5948c57ca7e) Importer(815301076,1909f56bfc062723c751e8b465ee728b)
Start importing Assets/kenney_pixel-platformer/Tiles/tile_0045.png using Guid(94c35ff58002d83468f5f5948c57ca7e) Importer(815301076,1909f56bfc062723c751e8b465ee728b)  -> (artifact id: '9dbac22b7e1802ab61b2afa55cae9fb6') in 0.024136 seconds 
========================================================================
Received Import Request.
  Time since last request: 0.000034 seconds.
  path: Assets/kenney_pixel-platformer/Tiles/tile_0142.png
  artifactKey: Guid(78566819b6a9dd442b28b171206417d6) Importer(815301076,1909f56bfc062723c751e8b465ee728b)
Start importing Assets/kenney_pixel-platformer/Tiles/tile_0142.png using Guid(78566819b6a9dd442b28b171206417d6) Importer(815301076,1909f56bfc062723c751e8b465ee728b)  -> (artifact id: 'a068d822d6c2c152052cfd847b96930f') in 0.023814 seconds 
========================================================================
Received Import Request.
  Time since last request: 0.000020 seconds.
  path: Assets/kenney_pixel-platformer/Tiles/tile_0105.png
  artifactKey: Guid(3be4ca2bf8ba7c64e9eeff30295eafac) Importer(815301076,1909f56bfc062723c751e8b465ee728b)
Start importing Assets/kenney_pixel-platformer/Tiles/tile_0105.png using Guid(3be4ca2bf8ba7c64e9eeff30295eafac) Importer(815301076,1909f56bfc062723c751e8b465ee728b)  -> (artifact id: 'c0ce0b1451a3d5120c9afa222f284597') in 0.021402 seconds 
========================================================================
Received Import Request.
  Time since last request: 0.000020 seconds.
  path: Assets/kenney_pixel-platformer/Tiles/tile_0092.png
  artifactKey: Guid(cedf20131d158204e89e514ba65a65d1) Importer(815301076,1909f56bfc062723c751e8b465ee728b)
Start importing Assets/kenney_pixel-platformer/Tiles/tile_0092.png using Guid(cedf20131d158204e89e514ba65a65d1) Importer(815301076,1909f56bfc062723c751e8b465ee728b)  -> (artifact id: '770198832ac95f68f1472b4569a6e5c4') in 0.020752 seconds 
========================================================================
Received Import Request.
  Time since last request: 0.000021 seconds.
  path: Assets/kenney_pixel-platformer/Tiles/tile_0108.png
  artifactKey: Guid(c7ea3b3af6f1a5b4fbb3f07d0682d487) Importer(815301076,1909f56bfc062723c751e8b465ee728b)
Start importing Assets/kenney_pixel-platformer/Tiles/tile_0108.png using Guid(c7ea3b3af6f1a5b4fbb3f07d0682d487) Importer(815301076,1909f56bfc062723c751e8b465ee728b)  -> (artifact id: 'e0fae441517847cd4b4a5e9ddd9e55a1') in 0.021605 seconds 
========================================================================
Received Import Request.
  Time since last request: 0.000020 seconds.
  path: Assets/kenney_pixel-platformer/Tiles/tile_0014.png
  artifactKey: Guid(87178dc21d1b0a14e833b4a3e22a2055) Importer(815301076,1909f56bfc062723c751e8b465ee728b)
Start importing Assets/kenney_pixel-platformer/Tiles/tile_0014.png using Guid(87178dc21d1b0a14e833b4a3e22a2055) Importer(815301076,1909f56bfc062723c751e8b465ee728b)  -> (artifact id: 'ca8cbb258cdeaf2a30cddb8760658e48') in 0.019805 seconds 
========================================================================
Received Import Request.
  Time since last request: 0.000020 seconds.
  path: Assets/kenney_pixel-platformer/Tiles/tile_0053.png
  artifactKey: Guid(527fbdb362f8182489858a09e669987d) Importer(815301076,1909f56bfc062723c751e8b465ee728b)
Start importing Assets/kenney_pixel-platformer/Tiles/tile_0053.png using Guid(527fbdb362f8182489858a09e669987d) Importer(815301076,1909f56bfc062723c751e8b465ee728b)  -> (artifact id: 'e31c9596dfe7821bcaa9f8c655abf80a') in 0.038736 seconds 
========================================================================
Received Import Request.
  Time since last request: 0.000023 seconds.
  path: Assets/kenney_pixel-platformer/Tiles/tile_0086.png
  artifactKey: Guid(455b7572f7ba0514295c5226833f27c0) Importer(815301076,1909f56bfc062723c751e8b465ee728b)
Start importing Assets/kenney_pixel-platformer/Tiles/tile_0086.png using Guid(455b7572f7ba0514295c5226833f27c0) Importer(815301076,1909f56bfc062723c751e8b465ee728b)  -> (artifact id: 'e24d49e396f352365fba9da6583c39b4') in 0.019686 seconds 
========================================================================
Received Import Request.
  Time since last request: 0.000023 seconds.
  path: Assets/kenney_pixel-platformer/Tiles/tile_0118.png
  artifactKey: Guid(6a91b4b78bdc7f449a41c4821550e4d2) Importer(815301076,1909f56bfc062723c751e8b465ee728b)
Start importing Assets/kenney_pixel-platformer/Tiles/tile_0118.png using Guid(6a91b4b78bdc7f449a41c4821550e4d2) Importer(815301076,1909f56bfc062723c751e8b465ee728b)  -> (artifact id: 'cf93f960d117a17dcf84798f0b3b09bb') in 0.026578 seconds 
========================================================================
Received Import Request.
  Time since last request: 0.000025 seconds.
  path: Assets/kenney_pixel-platformer/Tiles/tile_0137.png
  artifactKey: Guid(11e8308e35112684c936474fdb5f1e5f) Importer(815301076,1909f56bfc062723c751e8b465ee728b)
Start importing Assets/kenney_pixel-platformer/Tiles/tile_0137.png using Guid(11e8308e35112684c936474fdb5f1e5f) Importer(815301076,1909f56bfc062723c751e8b465ee728b)  -> (artifact id: '3d37b5e6128aab88e052caf0cfb1629e') in 0.022741 seconds 
========================================================================
Received Import Request.
  Time since last request: 0.000035 seconds.
  path: Assets/kenney_pixel-platformer/Tiles/tile_0106.png
  artifactKey: Guid(7c0bb93dbd83a1e499c0f099c437fdb0) Importer(815301076,1909f56bfc062723c751e8b465ee728b)
Start importing Assets/kenney_pixel-platformer/Tiles/tile_0106.png using Guid(7c0bb93dbd83a1e499c0f099c437fdb0) Importer(815301076,1909f56bfc062723c751e8b465ee728b)  -> (artifact id: '2fb68d80cb8cde4fe19411c8d3f7b76a') in 0.024107 seconds 
========================================================================
Received Import Request.
  Time since last request: 0.000018 seconds.
  path: Assets/kenney_pixel-platformer/Tiles/tile_0125.png
  artifactKey: Guid(47cc4b105e1cdcc43b018438c35f8bb5) Importer(815301076,1909f56bfc062723c751e8b465ee728b)
Start importing Assets/kenney_pixel-platformer/Tiles/tile_0125.png using Guid(47cc4b105e1cdcc43b018438c35f8bb5) Importer(815301076,1909f56bfc062723c751e8b465ee728b)  -> (artifact id: '9a934456e0595dbf9b1afef7578e5547') in 0.032398 seconds 
========================================================================
Received Import Request.
  Time since last request: 0.000021 seconds.
  path: Assets/kenney_pixel-platformer/Tiles/tile_0033.png
  artifactKey: Guid(e8baf75f5b082604994399ad89b75d55) Importer(815301076,1909f56bfc062723c751e8b465ee728b)
Start importing Assets/kenney_pixel-platformer/Tiles/tile_0033.png using Guid(e8baf75f5b082604994399ad89b75d55) Importer(815301076,1909f56bfc062723c751e8b465ee728b)  -> (artifact id: '103c2982b25825284286819a9b8e87f0') in 0.024893 seconds 
========================================================================
Received Import Request.
  Time since last request: 0.000022 seconds.
  path: Assets/kenney_pixel-platformer/Tiles/tile_0031.png
  artifactKey: Guid(da6d11b69a564154a9850700deeadb39) Importer(815301076,1909f56bfc062723c751e8b465ee728b)
Start importing Assets/kenney_pixel-platformer/Tiles/tile_0031.png using Guid(da6d11b69a564154a9850700deeadb39) Importer(815301076,1909f56bfc062723c751e8b465ee728b)  -> (artifact id: 'f8ac80d7f20f032d078b3fb851b5656c') in 0.026870 seconds 
========================================================================
Received Import Request.
  Time since last request: 0.000022 seconds.
  path: Assets/kenney_pixel-platformer/Tiles/tile_0107.png
  artifactKey: Guid(0cafa9a76dbdaf64a9cb527ab4dc5636) Importer(815301076,1909f56bfc062723c751e8b465ee728b)
Start importing Assets/kenney_pixel-platformer/Tiles/tile_0107.png using Guid(0cafa9a76dbdaf64a9cb527ab4dc5636) Importer(815301076,1909f56bfc062723c751e8b465ee728b)  -> (artifact id: '24422c04b49f7dec109445bf3577207b') in 0.022995 seconds 
========================================================================
Received Import Request.
  Time since last request: 0.000020 seconds.
  path: Assets/kenney_pixel-platformer/Tiles/tile_0038.png
  artifactKey: Guid(01ba36dfed7e72b41ab632d65686e5ad) Importer(815301076,1909f56bfc062723c751e8b465ee728b)
Start importing Assets/kenney_pixel-platformer/Tiles/tile_0038.png using Guid(01ba36dfed7e72b41ab632d65686e5ad) Importer(815301076,1909f56bfc062723c751e8b465ee728b)  -> (artifact id: '7d373a2554dbe90ee082edab5e720adf') in 0.025313 seconds 
========================================================================
Received Import Request.
  Time since last request: 0.000019 seconds.
  path: Assets/kenney_pixel-platformer/Tiles/tile_0097.png
  artifactKey: Guid(f6df6c777de4fad4893e3cb1cf57bffd) Importer(815301076,1909f56bfc062723c751e8b465ee728b)
Start importing Assets/kenney_pixel-platformer/Tiles/tile_0097.png using Guid(f6df6c777de4fad4893e3cb1cf57bffd) Importer(815301076,1909f56bfc062723c751e8b465ee728b)  -> (artifact id: '0eed3de9a9463e2a0738a17912a25edb') in 0.029885 seconds 
========================================================================
Received Import Request.
  Time since last request: 0.000024 seconds.
  path: Assets/kenney_pixel-platformer/Tiles/tile_0054.png
  artifactKey: Guid(3b92fbd61e7dc5f4a9146c165cdd5d88) Importer(815301076,1909f56bfc062723c751e8b465ee728b)
Start importing Assets/kenney_pixel-platformer/Tiles/tile_0054.png using Guid(3b92fbd61e7dc5f4a9146c165cdd5d88) Importer(815301076,1909f56bfc062723c751e8b465ee728b)  -> (artifact id: 'a9b8f741ce3804fe86ad68f5f3b6b5cb') in 0.018801 seconds 
========================================================================
Received Import Request.
  Time since last request: 0.000031 seconds.
  path: Assets/kenney_pixel-platformer/Tiles/tile_0036.png
  artifactKey: Guid(1e5e1a1822396b546a263bf921deff3b) Importer(815301076,1909f56bfc062723c751e8b465ee728b)
Start importing Assets/kenney_pixel-platformer/Tiles/tile_0036.png using Guid(1e5e1a1822396b546a263bf921deff3b) Importer(815301076,1909f56bfc062723c751e8b465ee728b)  -> (artifact id: '9e2c06d893589ae2f16ae5855fb5d6f2') in 0.025192 seconds 
========================================================================
Received Import Request.
  Time since last request: 0.000023 seconds.
  path: Assets/kenney_pixel-platformer/Tiles/tile_0104.png
  artifactKey: Guid(dace11ebd6cad394f9af8bb7b6797b92) Importer(815301076,1909f56bfc062723c751e8b465ee728b)
Start importing Assets/kenney_pixel-platformer/Tiles/tile_0104.png using Guid(dace11ebd6cad394f9af8bb7b6797b92) Importer(815301076,1909f56bfc062723c751e8b465ee728b)  -> (artifact id: 'be9a1827fb0d01d90599fb4ac998c45d') in 0.022242 seconds 
========================================================================
Received Import Request.
  Time since last request: 0.000025 seconds.
  path: Assets/kenney_pixel-platformer/Tiles/tile_0059.png
  artifactKey: Guid(2a6be46fd468fc14f9cd6b05c01b6893) Importer(815301076,1909f56bfc062723c751e8b465ee728b)
Start importing Assets/kenney_pixel-platformer/Tiles/tile_0059.png using Guid(2a6be46fd468fc14f9cd6b05c01b6893) Importer(815301076,1909f56bfc062723c751e8b465ee728b)  -> (artifact id: '6be77293de7946f24f02f082d6909470') in 0.034921 seconds 
========================================================================
Received Import Request.
  Time since last request: 0.000025 seconds.
  path: Assets/kenney_pixel-platformer/Tiles/tile_0058.png
  artifactKey: Guid(1dc592e74623ed4499835fadc6871ff8) Importer(815301076,1909f56bfc062723c751e8b465ee728b)
Start importing Assets/kenney_pixel-platformer/Tiles/tile_0058.png using Guid(1dc592e74623ed4499835fadc6871ff8) Importer(815301076,1909f56bfc062723c751e8b465ee728b)  -> (artifact id: 'ae0cfd1be8fc2098b00d7aec49b40b71') in 0.030505 seconds 
========================================================================
Received Import Request.
  Time since last request: 0.000055 seconds.
  path: Assets/kenney_pixel-platformer/Tiles/tile_0103.png
  artifactKey: Guid(419975683a0b7fd448e36485d49ebcd0) Importer(815301076,1909f56bfc062723c751e8b465ee728b)
Start importing Assets/kenney_pixel-platformer/Tiles/tile_0103.png using Guid(419975683a0b7fd448e36485d49ebcd0) Importer(815301076,1909f56bfc062723c751e8b465ee728b)  -> (artifact id: '2503b27e882ea001e52594bf6b11f49b') in 0.027860 seconds 
========================================================================
Received Import Request.
  Time since last request: 0.000022 seconds.
  path: Assets/kenney_pixel-platformer/Tiles/tile_0016.png
  artifactKey: Guid(8fef27a21b4f7844282d9cdae24f71bc) Importer(815301076,1909f56bfc062723c751e8b465ee728b)
Start importing Assets/kenney_pixel-platformer/Tiles/tile_0016.png using Guid(8fef27a21b4f7844282d9cdae24f71bc) Importer(815301076,1909f56bfc062723c751e8b465ee728b)  -> (artifact id: '46edc97fafcde06ba9db20178fb7b9cc') in 0.063662 seconds 
========================================================================
Received Import Request.
  Time since last request: 0.000025 seconds.
  path: Assets/kenney_pixel-platformer/Tiles/tile_0135.png
  artifactKey: Guid(e241b0556c9e2dc4c886e2f3cfd43cca) Importer(815301076,1909f56bfc062723c751e8b465ee728b)
Start importing Assets/kenney_pixel-platformer/Tiles/tile_0135.png using Guid(e241b0556c9e2dc4c886e2f3cfd43cca) Importer(815301076,1909f56bfc062723c751e8b465ee728b)  -> (artifact id: '4e6d61f421d60a79def895961d047283') in 0.022630 seconds 
========================================================================
Received Import Request.
  Time since last request: 0.000037 seconds.
  path: Assets/kenney_pixel-platformer/Tiles/tile_0136.png
  artifactKey: Guid(5a51293e010c48d4b850d1b3d7edf6f4) Importer(815301076,1909f56bfc062723c751e8b465ee728b)
Start importing Assets/kenney_pixel-platformer/Tiles/tile_0136.png using Guid(5a51293e010c48d4b850d1b3d7edf6f4) Importer(815301076,1909f56bfc062723c751e8b465ee728b)  -> (artifact id: '455e6560e36ae9a08d9fe75daaf2e2ab') in 0.020285 seconds 
========================================================================
Received Import Request.
  Time since last request: 0.000022 seconds.
  path: Assets/kenney_pixel-platformer/Tiles/tile_0113.png
  artifactKey: Guid(f4ba7f4d2021a2a47bf7f981891a728c) Importer(815301076,1909f56bfc062723c751e8b465ee728b)
Start importing Assets/kenney_pixel-platformer/Tiles/tile_0113.png using Guid(f4ba7f4d2021a2a47bf7f981891a728c) Importer(815301076,1909f56bfc062723c751e8b465ee728b)  -> (artifact id: 'abb875dd7bdb152ee30332833b08b9a4') in 0.029207 seconds 
========================================================================
Received Import Request.
  Time since last request: 0.000023 seconds.
  path: Assets/kenney_pixel-platformer/Tiles/tile_0055.png
  artifactKey: Guid(365ab56865e775b41b1f9cf37bed6a40) Importer(815301076,1909f56bfc062723c751e8b465ee728b)
Start importing Assets/kenney_pixel-platformer/Tiles/tile_0055.png using Guid(365ab56865e775b41b1f9cf37bed6a40) Importer(815301076,1909f56bfc062723c751e8b465ee728b)  -> (artifact id: 'cca3b3c96ab1ce7787b505877cc4c788') in 0.019775 seconds 
========================================================================
Received Import Request.
  Time since last request: 0.000021 seconds.
  path: Assets/kenney_pixel-platformer/Tiles/tile_0087.png
  artifactKey: Guid(8cff0ffef860ef54fbaf5f724f0e2a8f) Importer(815301076,1909f56bfc062723c751e8b465ee728b)
Start importing Assets/kenney_pixel-platformer/Tiles/tile_0087.png using Guid(8cff0ffef860ef54fbaf5f724f0e2a8f) Importer(815301076,1909f56bfc062723c751e8b465ee728b)  -> (artifact id: 'f3cfbd5d68f5d797335a7160da4a164d') in 0.019231 seconds 
========================================================================
Received Import Request.
  Time since last request: 0.000024 seconds.
  path: Assets/kenney_pixel-platformer/Tiles/tile_0126.png
  artifactKey: Guid(daabe22b60aa5ae4183a77d1541d9639) Importer(815301076,1909f56bfc062723c751e8b465ee728b)
Start importing Assets/kenney_pixel-platformer/Tiles/tile_0126.png using Guid(daabe22b60aa5ae4183a77d1541d9639) Importer(815301076,1909f56bfc062723c751e8b465ee728b)  -> (artifact id: '5b29b19a2beb1b24727cbff7ec7f4f03') in 0.024073 seconds 
========================================================================
Received Import Request.
  Time since last request: 0.000023 seconds.
  path: Assets/kenney_pixel-platformer/Tiles/tile_0100.png
  artifactKey: Guid(2dfebe8a652ec174dba66f37291d2d32) Importer(815301076,1909f56bfc062723c751e8b465ee728b)
Start importing Assets/kenney_pixel-platformer/Tiles/tile_0100.png using Guid(2dfebe8a652ec174dba66f37291d2d32) Importer(815301076,1909f56bfc062723c751e8b465ee728b)  -> (artifact id: '00ad01e84896003c98fae8ce25fbad7a') in 0.028164 seconds 
========================================================================
Received Import Request.
  Time since last request: 0.000023 seconds.
  path: Assets/kenney_pixel-platformer/Tiles/tile_0007.png
  artifactKey: Guid(bdf7b4bb80cadab4e998bec32b69d118) Importer(815301076,1909f56bfc062723c751e8b465ee728b)
Start importing Assets/kenney_pixel-platformer/Tiles/tile_0007.png using Guid(bdf7b4bb80cadab4e998bec32b69d118) Importer(815301076,1909f56bfc062723c751e8b465ee728b)  -> (artifact id: 'f235d3e645a565dc7195a34802aa30af') in 0.023931 seconds 
========================================================================
Received Import Request.
  Time since last request: 0.000025 seconds.
  path: Assets/kenney_pixel-platformer/Tiles/tile_0023.png
  artifactKey: Guid(4365a7eefa2f67f4f808579b6c9f48e1) Importer(815301076,1909f56bfc062723c751e8b465ee728b)
Start importing Assets/kenney_pixel-platformer/Tiles/tile_0023.png using Guid(4365a7eefa2f67f4f808579b6c9f48e1) Importer(815301076,1909f56bfc062723c751e8b465ee728b)  -> (artifact id: '9f347a743cb52d182852db6dacd2e8ca') in 0.021158 seconds 
========================================================================
Received Import Request.
  Time since last request: 0.000026 seconds.
  path: Assets/kenney_pixel-platformer/Tiles/tile_0101.png
  artifactKey: Guid(f6471cf6bd9db184ba6e22b4a6116b90) Importer(815301076,1909f56bfc062723c751e8b465ee728b)
Start importing Assets/kenney_pixel-platformer/Tiles/tile_0101.png using Guid(f6471cf6bd9db184ba6e22b4a6116b90) Importer(815301076,1909f56bfc062723c751e8b465ee728b)  -> (artifact id: '11991b404a1cdd1f0388360c23e6fd91') in 0.027996 seconds 
========================================================================
Received Import Request.
  Time since last request: 0.000036 seconds.
  path: Assets/kenney_pixel-platformer/Tiles/tile_0083.png
  artifactKey: Guid(85a8018e2bfb3824db838e6e79e32ef1) Importer(815301076,1909f56bfc062723c751e8b465ee728b)
Start importing Assets/kenney_pixel-platformer/Tiles/tile_0083.png using Guid(85a8018e2bfb3824db838e6e79e32ef1) Importer(815301076,1909f56bfc062723c751e8b465ee728b)  -> (artifact id: '92c33daa1b6ba729933ba2fa8f3b65a2') in 0.022850 seconds 
========================================================================
Received Import Request.
  Time since last request: 0.000024 seconds.
  path: Assets/kenney_pixel-platformer/Tiles/tile_0046.png
  artifactKey: Guid(1c008df8f835b984a8ba6bb843a0a89f) Importer(815301076,1909f56bfc062723c751e8b465ee728b)
Start importing Assets/kenney_pixel-platformer/Tiles/tile_0046.png using Guid(1c008df8f835b984a8ba6bb843a0a89f) Importer(815301076,1909f56bfc062723c751e8b465ee728b)  -> (artifact id: '7dfdf5617b46ed20b1e53cebf48b4a4e') in 0.020632 seconds 
========================================================================
Received Import Request.
  Time since last request: 0.000022 seconds.
  path: Assets/kenney_pixel-platformer/Tiles/tile_0075.png
  artifactKey: Guid(6ab18f262ec94a44ea5fb315a9d8c87e) Importer(815301076,1909f56bfc062723c751e8b465ee728b)
Start importing Assets/kenney_pixel-platformer/Tiles/tile_0075.png using Guid(6ab18f262ec94a44ea5fb315a9d8c87e) Importer(815301076,1909f56bfc062723c751e8b465ee728b)  -> (artifact id: 'bd0538d6f5b99abbdef74ae832edf37a') in 0.033726 seconds 
========================================================================
Received Import Request.
  Time since last request: 0.000026 seconds.
  path: Assets/kenney_pixel-platformer/Tiles/tile_0025.png
  artifactKey: Guid(d4e25671a09090b4daa70ec3d80fbb3d) Importer(815301076,1909f56bfc062723c751e8b465ee728b)
Start importing Assets/kenney_pixel-platformer/Tiles/tile_0025.png using Guid(d4e25671a09090b4daa70ec3d80fbb3d) Importer(815301076,1909f56bfc062723c751e8b465ee728b)  -> (artifact id: '47e35f16bcf10d95fa051c93adfb0beb') in 0.023178 seconds 
========================================================================
Received Import Request.
  Time since last request: 0.000025 seconds.
  path: Assets/kenney_pixel-platformer/Tiles/tile_0132.png
  artifactKey: Guid(591c089110435e840bf8d5163926b184) Importer(815301076,1909f56bfc062723c751e8b465ee728b)
Start importing Assets/kenney_pixel-platformer/Tiles/tile_0132.png using Guid(591c089110435e840bf8d5163926b184) Importer(815301076,1909f56bfc062723c751e8b465ee728b)  -> (artifact id: '6e3fdcf222eb31ef4aec03fe1f673752') in 0.021543 seconds 
========================================================================
Received Import Request.
  Time since last request: 0.000024 seconds.
  path: Assets/kenney_pixel-platformer/Tiles/tile_0032.png
  artifactKey: Guid(0a799606c00d3634a93a7a51cd379165) Importer(815301076,1909f56bfc062723c751e8b465ee728b)
Start importing Assets/kenney_pixel-platformer/Tiles/tile_0032.png using Guid(0a799606c00d3634a93a7a51cd379165) Importer(815301076,1909f56bfc062723c751e8b465ee728b)  -> (artifact id: '39d31cccd18fbe40708d42ceaf00db9b') in 0.025311 seconds 
========================================================================
Received Import Request.
  Time since last request: 0.000024 seconds.
  path: Assets/kenney_pixel-platformer/Tiles/tile_0144.png
  artifactKey: Guid(5fb41746387f9e14791a876c7fcd630a) Importer(815301076,1909f56bfc062723c751e8b465ee728b)
Start importing Assets/kenney_pixel-platformer/Tiles/tile_0144.png using Guid(5fb41746387f9e14791a876c7fcd630a) Importer(815301076,1909f56bfc062723c751e8b465ee728b)  -> (artifact id: '5ba2e3d740c241e97befae9e82549534') in 0.024511 seconds 
========================================================================
Received Import Request.
  Time since last request: 0.000024 seconds.
  path: Assets/kenney_pixel-platformer/Tiles/tile_0027.png
  artifactKey: Guid(28c8c21ccc385584a88ba4543feb1550) Importer(815301076,1909f56bfc062723c751e8b465ee728b)
Start importing Assets/kenney_pixel-platformer/Tiles/tile_0027.png using Guid(28c8c21ccc385584a88ba4543feb1550) Importer(815301076,1909f56bfc062723c751e8b465ee728b)  -> (artifact id: '123d49ca773a5172bbe9b6ebea416bbe') in 0.024519 seconds 
========================================================================
Received Import Request.
  Time since last request: 0.000021 seconds.
  path: Assets/kenney_pixel-platformer/Tiles/tile_0089.png
  artifactKey: Guid(5c1d7ac62a36082408ac08dc3a471f2d) Importer(815301076,1909f56bfc062723c751e8b465ee728b)
Start importing Assets/kenney_pixel-platformer/Tiles/tile_0089.png using Guid(5c1d7ac62a36082408ac08dc3a471f2d) Importer(815301076,1909f56bfc062723c751e8b465ee728b)  -> (artifact id: 'b5883cafc8d143cf6a65b32704a96e97') in 0.019068 seconds 
========================================================================
Received Import Request.
  Time since last request: 0.000032 seconds.
  path: Assets/kenney_pixel-platformer/Tiles/tile_0134.png
  artifactKey: Guid(24f90a2b5e2dbe549b54f0402228e398) Importer(815301076,1909f56bfc062723c751e8b465ee728b)
Start importing Assets/kenney_pixel-platformer/Tiles/tile_0134.png using Guid(24f90a2b5e2dbe549b54f0402228e398) Importer(815301076,1909f56bfc062723c751e8b465ee728b)  -> (artifact id: 'c4f0afe992cc9eb97d3408506b83a339') in 0.026497 seconds 
========================================================================
Received Import Request.
  Time since last request: 0.000019 seconds.
  path: Assets/kenney_pixel-platformer/Tiles/tile_0024.png
  artifactKey: Guid(6cc30aa5758566a4c845f145aa64de64) Importer(815301076,1909f56bfc062723c751e8b465ee728b)
Start importing Assets/kenney_pixel-platformer/Tiles/tile_0024.png using Guid(6cc30aa5758566a4c845f145aa64de64) Importer(815301076,1909f56bfc062723c751e8b465ee728b)  -> (artifact id: 'f43148fa8a08b9fa825945cb31085e8e') in 0.027377 seconds 
========================================================================
Received Import Request.
  Time since last request: 0.000025 seconds.
  path: Assets/kenney_pixel-platformer/Tiles/tile_0004.png
  artifactKey: Guid(ec019f3165c23504e871cfdb4c2108bf) Importer(815301076,1909f56bfc062723c751e8b465ee728b)
Start importing Assets/kenney_pixel-platformer/Tiles/tile_0004.png using Guid(ec019f3165c23504e871cfdb4c2108bf) Importer(815301076,1909f56bfc062723c751e8b465ee728b)  -> (artifact id: 'ebece1e2ffce9f7de1058c8a5f303cfa') in 0.031996 seconds 
========================================================================
Received Import Request.
  Time since last request: 0.000023 seconds.
  path: Assets/kenney_pixel-platformer/Tiles/tile_0018.png
  artifactKey: Guid(2f4ac229cf4b1594aa79998de04dfad7) Importer(815301076,1909f56bfc062723c751e8b465ee728b)
Start importing Assets/kenney_pixel-platformer/Tiles/tile_0018.png using Guid(2f4ac229cf4b1594aa79998de04dfad7) Importer(815301076,1909f56bfc062723c751e8b465ee728b)  -> (artifact id: '55fc02fd3b68f9328f93efabb3d77e27') in 0.019562 seconds 
========================================================================
Received Import Request.
  Time since last request: 0.000025 seconds.
  path: Assets/kenney_pixel-platformer/Tiles/tile_0056.png
  artifactKey: Guid(82eb978d4e21a9b42a49668fb15a6895) Importer(815301076,1909f56bfc062723c751e8b465ee728b)
Start importing Assets/kenney_pixel-platformer/Tiles/tile_0056.png using Guid(82eb978d4e21a9b42a49668fb15a6895) Importer(815301076,1909f56bfc062723c751e8b465ee728b)  -> (artifact id: 'b006efa408c71effa47fbbb30ee3a924') in 0.029249 seconds 
========================================================================
Received Import Request.
  Time since last request: 0.000023 seconds.
  path: Assets/kenney_pixel-platformer/Tiles/tile_0112.png
  artifactKey: Guid(2380c252c4581c444892f14a9b90be8e) Importer(815301076,1909f56bfc062723c751e8b465ee728b)
Start importing Assets/kenney_pixel-platformer/Tiles/tile_0112.png using Guid(2380c252c4581c444892f14a9b90be8e) Importer(815301076,1909f56bfc062723c751e8b465ee728b)  -> (artifact id: '84ab593aa67fdd5c9473da07ccd580a2') in 0.029636 seconds 
========================================================================
Received Import Request.
  Time since last request: 0.000023 seconds.
  path: Assets/kenney_pixel-platformer/Tiles/tile_0011.png
  artifactKey: Guid(38fae4e92fa2a654c83fa8a405061e1a) Importer(815301076,1909f56bfc062723c751e8b465ee728b)
Start importing Assets/kenney_pixel-platformer/Tiles/tile_0011.png using Guid(38fae4e92fa2a654c83fa8a405061e1a) Importer(815301076,1909f56bfc062723c751e8b465ee728b)  -> (artifact id: '0f74bcbc360a73dd263b91de172cd0b5') in 0.029240 seconds 
========================================================================
Received Import Request.
  Time since last request: 0.000025 seconds.
  path: Assets/kenney_pixel-platformer/Tiles/tile_0084.png
  artifactKey: Guid(f8047fad0c6e2b641bf5313a3aa6935b) Importer(815301076,1909f56bfc062723c751e8b465ee728b)
Start importing Assets/kenney_pixel-platformer/Tiles/tile_0084.png using Guid(f8047fad0c6e2b641bf5313a3aa6935b) Importer(815301076,1909f56bfc062723c751e8b465ee728b)  -> (artifact id: '1af926bcc5e2e1173f6e1b16c7a3288a') in 0.036167 seconds 
========================================================================
Received Import Request.
  Time since last request: 0.000030 seconds.
  path: Assets/kenney_pixel-platformer/Tiles/tile_0130.png
  artifactKey: Guid(6b8a3ccf2d1db254da89a5745b17cd03) Importer(815301076,1909f56bfc062723c751e8b465ee728b)
Start importing Assets/kenney_pixel-platformer/Tiles/tile_0130.png using Guid(6b8a3ccf2d1db254da89a5745b17cd03) Importer(815301076,1909f56bfc062723c751e8b465ee728b)  -> (artifact id: 'afdcfb49b72551c7a613916bcd80cd53') in 0.020475 seconds 
========================================================================
Received Import Request.
  Time since last request: 0.000025 seconds.
  path: Assets/kenney_pixel-platformer/Tiles/tile_0133.png
  artifactKey: Guid(123c67ecb5e3f8c46a6e611828dd3283) Importer(815301076,1909f56bfc062723c751e8b465ee728b)
Start importing Assets/kenney_pixel-platformer/Tiles/tile_0133.png using Guid(123c67ecb5e3f8c46a6e611828dd3283) Importer(815301076,1909f56bfc062723c751e8b465ee728b)  -> (artifact id: '87a0c93a6504107099173400696a657b') in 0.023371 seconds 
========================================================================
Received Import Request.
  Time since last request: 0.000022 seconds.
  path: Assets/kenney_pixel-platformer/Tiles/tile_0013.png
  artifactKey: Guid(1d5f943fd0aeb224fac26e219062c8a0) Importer(815301076,1909f56bfc062723c751e8b465ee728b)
Start importing Assets/kenney_pixel-platformer/Tiles/tile_0013.png using Guid(1d5f943fd0aeb224fac26e219062c8a0) Importer(815301076,1909f56bfc062723c751e8b465ee728b)  -> (artifact id: '4a608a49ef36a0c2fb9a52e990d146ba') in 0.023448 seconds 
========================================================================
Received Import Request.
  Time since last request: 0.000021 seconds.
  path: Assets/kenney_pixel-platformer/Tiles/tile_0037.png
  artifactKey: Guid(b227b77b95c5e1c4e917698ac2135534) Importer(815301076,1909f56bfc062723c751e8b465ee728b)
Start importing Assets/kenney_pixel-platformer/Tiles/tile_0037.png using Guid(b227b77b95c5e1c4e917698ac2135534) Importer(815301076,1909f56bfc062723c751e8b465ee728b)  -> (artifact id: '51762a46ecde42a8eede84eabeca207c') in 0.020066 seconds 
========================================================================
Received Import Request.
  Time since last request: 0.000023 seconds.
  path: Assets/kenney_pixel-platformer/Tiles/tile_0020.png
  artifactKey: Guid(fd819e44e5199794da5e6d9fe1ab008b) Importer(815301076,1909f56bfc062723c751e8b465ee728b)
Start importing Assets/kenney_pixel-platformer/Tiles/tile_0020.png using Guid(fd819e44e5199794da5e6d9fe1ab008b) Importer(815301076,1909f56bfc062723c751e8b465ee728b)  -> (artifact id: '5f1de279459cf31e93b5016d535b2d50') in 0.034321 seconds 
========================================================================
Received Import Request.
  Time since last request: 0.000019 seconds.
  path: Assets/kenney_pixel-platformer/Tiles/tile_0116.png
  artifactKey: Guid(ab2f788853bab4d4db49f3acaacc0d41) Importer(815301076,1909f56bfc062723c751e8b465ee728b)
Start importing Assets/kenney_pixel-platformer/Tiles/tile_0116.png using Guid(ab2f788853bab4d4db49f3acaacc0d41) Importer(815301076,1909f56bfc062723c751e8b465ee728b)  -> (artifact id: '189bf46053d922484f47208d80cf8588') in 0.020167 seconds 
========================================================================
Received Import Request.
  Time since last request: 0.000022 seconds.
  path: Assets/kenney_pixel-platformer/Tiles/tile_0035.png
  artifactKey: Guid(fc8713f8967d8b549b23107a1329b042) Importer(815301076,1909f56bfc062723c751e8b465ee728b)
Start importing Assets/kenney_pixel-platformer/Tiles/tile_0035.png using Guid(fc8713f8967d8b549b23107a1329b042) Importer(815301076,1909f56bfc062723c751e8b465ee728b)  -> (artifact id: 'e55c6cd1ff8e22342b06154396235056') in 0.021404 seconds 
========================================================================
Received Import Request.
  Time since last request: 0.000021 seconds.
  path: Assets/kenney_pixel-platformer/Tiles/tile_0102.png
  artifactKey: Guid(2b5bf7bfbe33ea9469dcc156f72e348f) Importer(815301076,1909f56bfc062723c751e8b465ee728b)
Start importing Assets/kenney_pixel-platformer/Tiles/tile_0102.png using Guid(2b5bf7bfbe33ea9469dcc156f72e348f) Importer(815301076,1909f56bfc062723c751e8b465ee728b)  -> (artifact id: 'c01318c6954bae39a15185d7989c4e5b') in 0.022952 seconds 
========================================================================
Received Import Request.
  Time since last request: 0.000023 seconds.
  path: Assets/kenney_pixel-platformer/Tiles/tile_0094.png
  artifactKey: Guid(ebe29f67c1b1d924a8408b091e489147) Importer(815301076,1909f56bfc062723c751e8b465ee728b)
Start importing Assets/kenney_pixel-platformer/Tiles/tile_0094.png using Guid(ebe29f67c1b1d924a8408b091e489147) Importer(815301076,1909f56bfc062723c751e8b465ee728b)  -> (artifact id: 'a6d1bc7fb638f51f4f385ba4f1bd5a2b') in 0.039292 seconds 
Editor requested this worker to shutdown with reason: Scaling down because of idle timeout
AssetImportWorkerClient::OnTransportError - code=2 error=End of file
AssetImportWorker is now disconnected from the server
Process exiting
Exiting without the bug reporter. Application will terminate with return code 0