Using pre-set license
Built from '2021.3/staging' branch; Version is '2021.3.23f1 (213b516bf396) revision 2177873'; Using compiler version '192829333'; Build Type 'Release'
OS: 'Windows 10  (10.0.19045) 64bit Enterprise' Language: 'en' Physical Memory: 65224 MB
BatchMode: 1, IsHumanControllingUs: 0, StartBugReporterOnCrash: 0, Is64bit: 1, IsPro: 1

COMMAND LINE ARGUMENTS:
C:\Program Files\Unity\Hub\Editor\2021.3.23f1\Editor\Unity.exe
-adb2
-batchMode
-noUpm
-name
AssetImportWorker2
-projectPath
C:/Temp/Andrew Capela/First2DProjectafteroon2023.2
-logFile
Logs/AssetImportWorker2.log
-srvPort
50721
Successfully changed project path to: C:/Temp/Andrew Capela/First2DProjectafteroon2023.2
C:/Temp/Andrew Capela/First2DProjectafteroon2023.2
[UnityMemory] Configuration Parameters - Can be set up in boot.config
    "memorysetup-bucket-allocator-granularity=16"
    "memorysetup-bucket-allocator-bucket-count=8"
    "memorysetup-bucket-allocator-block-size=33554432"
    "memorysetup-bucket-allocator-block-count=8"
    "memorysetup-main-allocator-block-size=16777216"
    "memorysetup-thread-allocator-block-size=16777216"
    "memorysetup-gfx-main-allocator-block-size=16777216"
    "memorysetup-gfx-thread-allocator-block-size=16777216"
    "memorysetup-cache-allocator-block-size=4194304"
    "memorysetup-typetree-allocator-block-size=2097152"
    "memorysetup-profiler-bucket-allocator-granularity=16"
    "memorysetup-profiler-bucket-allocator-bucket-count=8"
    "memorysetup-profiler-bucket-allocator-block-size=33554432"
    "memorysetup-profiler-bucket-allocator-block-count=8"
    "memorysetup-profiler-allocator-block-size=16777216"
    "memorysetup-profiler-editor-allocator-block-size=1048576"
    "memorysetup-temp-allocator-size-main=16777216"
    "memorysetup-job-temp-allocator-block-size=2097152"
    "memorysetup-job-temp-allocator-block-size-background=1048576"
    "memorysetup-job-temp-allocator-reduction-small-platforms=262144"
    "memorysetup-temp-allocator-size-background-worker=32768"
    "memorysetup-temp-allocator-size-job-worker=262144"
    "memorysetup-temp-allocator-size-preload-manager=33554432"
    "memorysetup-temp-allocator-size-nav-mesh-worker=65536"
    "memorysetup-temp-allocator-size-audio-worker=65536"
    "memorysetup-temp-allocator-size-cloud-worker=32768"
    "memorysetup-temp-allocator-size-gi-baking-worker=262144"
    "memorysetup-temp-allocator-size-gfx=262144"
Player connection [26224] Host "[IP] 172.27.14.96 [Port] 0 [Flags] 2 [Guid] 837730768 [EditorId] 837730768 [Version] 1048832 [Id] WindowsEditor(7,NS00J002004DE01) [Debug] 1 [PackageName] WindowsEditor [ProjectName] Editor" joined multi-casting on [225.0.0.222:54997]...

Player connection [26224] Host "[IP] 172.27.14.96 [Port] 0 [Flags] 2 [Guid] 837730768 [EditorId] 837730768 [Version] 1048832 [Id] WindowsEditor(7,NS00J002004DE01) [Debug] 1 [PackageName] WindowsEditor [ProjectName] Editor" joined alternative multi-casting on [225.0.0.222:34997]...

Refreshing native plugins compatible for Editor in 166.35 ms, found 4 plugins.
Preloading 0 native plugins for Editor in 0.00 ms.
Initialize engine version: 2021.3.23f1 (213b516bf396)
[Subsystems] Discovering subsystems at path C:/Program Files/Unity/Hub/Editor/2021.3.23f1/Editor/Data/Resources/UnitySubsystems
[Subsystems] Discovering subsystems at path C:/Temp/Andrew Capela/First2DProjectafteroon2023.2/Assets
GfxDevice: creating device client; threaded=0; jobified=0
Direct3D:
    Version:  Direct3D 11.0 [level 11.1]
    Renderer: NVIDIA RTX A4000 (ID=0x24b0)
    Vendor:   NVIDIA
    VRAM:     16183 MB
    Driver:   31.0.15.2886
Initialize mono
Mono path[0] = 'C:/Program Files/Unity/Hub/Editor/2021.3.23f1/Editor/Data/Managed'
Mono path[1] = 'C:/Program Files/Unity/Hub/Editor/2021.3.23f1/Editor/Data/MonoBleedingEdge/lib/mono/unityjit-win32'
Mono config path = 'C:/Program Files/Unity/Hub/Editor/2021.3.23f1/Editor/Data/MonoBleedingEdge/etc'
Using monoOptions --debugger-agent=transport=dt_socket,embedding=1,server=y,suspend=n,address=127.0.0.1:56124
Begin MonoManager ReloadAssembly
Registering precompiled unity dll's ...
Register platform support module: C:/Program Files/Unity/Hub/Editor/2021.3.23f1/Editor/Data/PlaybackEngines/AndroidPlayer/UnityEditor.Android.Extensions.dll
Register platform support module: C:/Program Files/Unity/Hub/Editor/2021.3.23f1/Editor/Data/PlaybackEngines/WindowsStandaloneSupport/UnityEditor.WindowsStandalone.Extensions.dll
Registered in 0.161930 seconds.
Native extension for WindowsStandalone target not found
Native extension for Android target not found
Android Extension - Scanning For ADB Devices 454 ms
Refreshing native plugins compatible for Editor in 96.26 ms, found 4 plugins.
Preloading 0 native plugins for Editor in 0.00 ms.
Mono: successfully reloaded assembly
- Completed reload, in  4.688 seconds
Domain Reload Profiling:
	ReloadAssembly (4688ms)
		BeginReloadAssembly (2704ms)
			ExecutionOrderSort (0ms)
			DisableScriptedObjects (0ms)
			BackupInstance (0ms)
			ReleaseScriptingObjects (0ms)
			CreateAndSetChildDomain (1ms)
		EndReloadAssembly (1553ms)
			LoadAssemblies (2701ms)
			RebuildTransferFunctionScriptingTraits (0ms)
			SetupTypeCache (610ms)
			ReleaseScriptCaches (0ms)
			RebuildScriptCaches (36ms)
			SetupLoadedEditorAssemblies (846ms)
				LogAssemblyErrors (0ms)
				InitializePlatformSupportModulesInManaged (570ms)
				SetLoadedEditorAssemblies (0ms)
				RefreshPlugins (96ms)
				BeforeProcessingInitializeOnLoad (1ms)
				ProcessInitializeOnLoadAttributes (120ms)
				ProcessInitializeOnLoadMethodAttributes (58ms)
				AfterProcessingInitializeOnLoad (0ms)
				EditorAssembliesLoaded (0ms)
			ExecutionOrderSort2 (0ms)
			AwakeInstancesAfterBackupRestoration (0ms)
Platform modules already initialized, skipping
Registering precompiled user dll's ...
Registered in 0.008097 seconds.
Begin MonoManager ReloadAssembly
Symbol file LoadedFromMemory doesn't match image C:\Temp\Andrew Capela\First2DProjectafteroon2023.2\Library\PackageCache\com.unity.visualscripting@1.8.0\Editor\VisualScripting.Core\Dependencies\YamlDotNet\Unity.VisualScripting.YamlDotNet.dll
Symbol file LoadedFromMemory doesn't match image C:\Temp\Andrew Capela\First2DProjectafteroon2023.2\Library\PackageCache\com.unity.visualscripting@1.8.0\Editor\VisualScripting.Core\Dependencies\DotNetZip\Unity.VisualScripting.IonicZip.dll
Native extension for WindowsStandalone target not found
Native extension for Android target not found
Refreshing native plugins compatible for Editor in 102.73 ms, found 4 plugins.
Preloading 0 native plugins for Editor in 0.00 ms.
Mono: successfully reloaded assembly
- Completed reload, in  4.105 seconds
Domain Reload Profiling:
	ReloadAssembly (4106ms)
		BeginReloadAssembly (120ms)
			ExecutionOrderSort (0ms)
			DisableScriptedObjects (7ms)
			BackupInstance (0ms)
			ReleaseScriptingObjects (0ms)
			CreateAndSetChildDomain (19ms)
		EndReloadAssembly (3818ms)
			LoadAssemblies (2555ms)
			RebuildTransferFunctionScriptingTraits (0ms)
			SetupTypeCache (545ms)
			ReleaseScriptCaches (1ms)
			RebuildScriptCaches (67ms)
			SetupLoadedEditorAssemblies (574ms)
				LogAssemblyErrors (0ms)
				InitializePlatformSupportModulesInManaged (19ms)
				SetLoadedEditorAssemblies (0ms)
				RefreshPlugins (103ms)
				BeforeProcessingInitializeOnLoad (114ms)
				ProcessInitializeOnLoadAttributes (280ms)
				ProcessInitializeOnLoadMethodAttributes (48ms)
				AfterProcessingInitializeOnLoad (9ms)
				EditorAssembliesLoaded (0ms)
			ExecutionOrderSort2 (0ms)
			AwakeInstancesAfterBackupRestoration (7ms)
Platform modules already initialized, skipping
========================================================================
Worker process is ready to serve import requests
Launched and connected shader compiler UnityShaderCompiler.exe after 0.07 seconds
Refreshing native plugins compatible for Editor in 0.50 ms, found 4 plugins.
Preloading 0 native plugins for Editor in 0.00 ms.
Unloading 3752 Unused Serialized files (Serialized files now loaded: 0)
Unloading 35 unused Assets / (56.5 KB). Loaded Objects now: 4213.
Memory consumption went from 145.5 MB to 145.4 MB.
Total: 2.193300 ms (FindLiveObjects: 0.191100 ms CreateObjectMapping: 0.082500 ms MarkObjects: 1.857900 ms  DeleteObjects: 0.060800 ms)

AssetImportParameters requested are different than current active one (requested -> active):
  custom:video-decoder-ogg-theora: a1e56fd34408186e4bbccfd4996cb3dc -> 
  custom:container-muxer-webm: aa71ff27fc2769a1b78a27578f13a17b -> 
  custom:container-demuxer-webm: 4f35f7cbe854078d1ac9338744f61a02 -> 
  custom:video-encoder-webm-vp8: eb34c28f22e8b96e1ab97ce403110664 -> 
  custom:audio-encoder-webm-vorbis: bf7c407c2cedff20999df2af8eb42d56 -> 
  custom:framework-win-MediaFoundation: 216162199b28c13a410421893ffa2e32 -> 
  custom:container-demuxer-ogg: 62fdf1f143b41e24485cea50d1cbac27 -> 
  custom:video-decoder-webm-vp8: 9c59270c3fd7afecdb556c50c9e8de78 -> 
  custom:audio-decoder-ogg-vorbis: bf7c407c2cedff20999df2af8eb42d56 -> 
========================================================================
Received Prepare
Registering precompiled user dll's ...
Registered in 0.007115 seconds.
Begin MonoManager ReloadAssembly
Symbol file LoadedFromMemory doesn't match image C:\Temp\Andrew Capela\First2DProjectafteroon2023.2\Library\PackageCache\com.unity.visualscripting@1.8.0\Editor\VisualScripting.Core\Dependencies\YamlDotNet\Unity.VisualScripting.YamlDotNet.dll
Symbol file LoadedFromMemory doesn't match image C:\Temp\Andrew Capela\First2DProjectafteroon2023.2\Library\PackageCache\com.unity.visualscripting@1.8.0\Editor\VisualScripting.Core\Dependencies\DotNetZip\Unity.VisualScripting.IonicZip.dll
Native extension for WindowsStandalone target not found
Native extension for Android target not found
Refreshing native plugins compatible for Editor in 0.77 ms, found 4 plugins.
Preloading 0 native plugins for Editor in 0.00 ms.
Mono: successfully reloaded assembly
- Completed reload, in  1.474 seconds
Domain Reload Profiling:
	ReloadAssembly (1475ms)
		BeginReloadAssembly (211ms)
			ExecutionOrderSort (0ms)
			DisableScriptedObjects (8ms)
			BackupInstance (0ms)
			ReleaseScriptingObjects (0ms)
			CreateAndSetChildDomain (31ms)
		EndReloadAssembly (1115ms)
			LoadAssemblies (176ms)
			RebuildTransferFunctionScriptingTraits (0ms)
			SetupTypeCache (475ms)
			ReleaseScriptCaches (1ms)
			RebuildScriptCaches (52ms)
			SetupLoadedEditorAssemblies (399ms)
				LogAssemblyErrors (0ms)
				InitializePlatformSupportModulesInManaged (24ms)
				SetLoadedEditorAssemblies (1ms)
				RefreshPlugins (1ms)
				BeforeProcessingInitializeOnLoad (86ms)
				ProcessInitializeOnLoadAttributes (230ms)
				ProcessInitializeOnLoadMethodAttributes (46ms)
				AfterProcessingInitializeOnLoad (10ms)
				EditorAssembliesLoaded (0ms)
			ExecutionOrderSort2 (0ms)
			AwakeInstancesAfterBackupRestoration (9ms)
Platform modules already initialized, skipping
Refreshing native plugins compatible for Editor in 3.22 ms, found 4 plugins.
Preloading 0 native plugins for Editor in 0.00 ms.
Unloading 3728 Unused Serialized files (Serialized files now loaded: 0)
Unloading 22 unused Assets / (24.6 KB). Loaded Objects now: 4216.
Memory consumption went from 143.0 MB to 143.0 MB.
Total: 3.216800 ms (FindLiveObjects: 0.410900 ms CreateObjectMapping: 0.127600 ms MarkObjects: 2.655900 ms  DeleteObjects: 0.021300 ms)

AssetImportParameters requested are different than current active one (requested -> active):
  custom:video-decoder-ogg-theora: a1e56fd34408186e4bbccfd4996cb3dc -> 
  custom:container-muxer-webm: aa71ff27fc2769a1b78a27578f13a17b -> 
  custom:container-demuxer-webm: 4f35f7cbe854078d1ac9338744f61a02 -> 
  custom:video-encoder-webm-vp8: eb34c28f22e8b96e1ab97ce403110664 -> 
  custom:audio-encoder-webm-vorbis: bf7c407c2cedff20999df2af8eb42d56 -> 
  custom:framework-win-MediaFoundation: 216162199b28c13a410421893ffa2e32 -> 
  custom:container-demuxer-ogg: 62fdf1f143b41e24485cea50d1cbac27 -> 
  custom:video-decoder-webm-vp8: 9c59270c3fd7afecdb556c50c9e8de78 -> 
  custom:audio-decoder-ogg-vorbis: bf7c407c2cedff20999df2af8eb42d56 -> 
========================================================================
Received Prepare
Registering precompiled user dll's ...
Registered in 0.010088 seconds.
Begin MonoManager ReloadAssembly
Symbol file LoadedFromMemory doesn't match image C:\Temp\Andrew Capela\First2DProjectafteroon2023.2\Library\PackageCache\com.unity.visualscripting@1.8.0\Editor\VisualScripting.Core\Dependencies\YamlDotNet\Unity.VisualScripting.YamlDotNet.dll
Symbol file LoadedFromMemory doesn't match image C:\Temp\Andrew Capela\First2DProjectafteroon2023.2\Library\PackageCache\com.unity.visualscripting@1.8.0\Editor\VisualScripting.Core\Dependencies\DotNetZip\Unity.VisualScripting.IonicZip.dll
Native extension for WindowsStandalone target not found
Native extension for Android target not found
Refreshing native plugins compatible for Editor in 0.78 ms, found 4 plugins.
Preloading 0 native plugins for Editor in 0.00 ms.
Mono: successfully reloaded assembly
- Completed reload, in  1.136 seconds
Domain Reload Profiling:
	ReloadAssembly (1137ms)
		BeginReloadAssembly (144ms)
			ExecutionOrderSort (0ms)
			DisableScriptedObjects (10ms)
			BackupInstance (0ms)
			ReleaseScriptingObjects (0ms)
			CreateAndSetChildDomain (34ms)
		EndReloadAssembly (875ms)
			LoadAssemblies (100ms)
			RebuildTransferFunctionScriptingTraits (0ms)
			SetupTypeCache (254ms)
			ReleaseScriptCaches (1ms)
			RebuildScriptCaches (52ms)
			SetupLoadedEditorAssemblies (386ms)
				LogAssemblyErrors (0ms)
				InitializePlatformSupportModulesInManaged (23ms)
				SetLoadedEditorAssemblies (0ms)
				RefreshPlugins (1ms)
				BeforeProcessingInitializeOnLoad (87ms)
				ProcessInitializeOnLoadAttributes (222ms)
				ProcessInitializeOnLoadMethodAttributes (43ms)
				AfterProcessingInitializeOnLoad (10ms)
				EditorAssembliesLoaded (0ms)
			ExecutionOrderSort2 (0ms)
			AwakeInstancesAfterBackupRestoration (9ms)
Platform modules already initialized, skipping
Refreshing native plugins compatible for Editor in 3.77 ms, found 4 plugins.
Preloading 0 native plugins for Editor in 0.00 ms.
Unloading 3728 Unused Serialized files (Serialized files now loaded: 0)
Unloading 22 unused Assets / (24.6 KB). Loaded Objects now: 4219.
Memory consumption went from 143.1 MB to 143.0 MB.
Total: 2.895700 ms (FindLiveObjects: 0.379300 ms CreateObjectMapping: 0.106000 ms MarkObjects: 2.389500 ms  DeleteObjects: 0.019700 ms)

AssetImportParameters requested are different than current active one (requested -> active):
  custom:video-decoder-ogg-theora: a1e56fd34408186e4bbccfd4996cb3dc -> 
  custom:container-muxer-webm: aa71ff27fc2769a1b78a27578f13a17b -> 
  custom:container-demuxer-webm: 4f35f7cbe854078d1ac9338744f61a02 -> 
  custom:video-encoder-webm-vp8: eb34c28f22e8b96e1ab97ce403110664 -> 
  custom:audio-encoder-webm-vorbis: bf7c407c2cedff20999df2af8eb42d56 -> 
  custom:framework-win-MediaFoundation: 216162199b28c13a410421893ffa2e32 -> 
  custom:container-demuxer-ogg: 62fdf1f143b41e24485cea50d1cbac27 -> 
  custom:video-decoder-webm-vp8: 9c59270c3fd7afecdb556c50c9e8de78 -> 
  custom:audio-decoder-ogg-vorbis: bf7c407c2cedff20999df2af8eb42d56 -> 
========================================================================
Received Import Request.
  Time since last request: 8178.575012 seconds.
  path: Assets/kenney_pixel-platformer/Tilemap/tiles_packed_0.asset
  artifactKey: Guid(3fdc63ea5b05ecb4f8e857b3fa9cc26b) Importer(815301076,1909f56bfc062723c751e8b465ee728b)
Start importing Assets/kenney_pixel-platformer/Tilemap/tiles_packed_0.asset using Guid(3fdc63ea5b05ecb4f8e857b3fa9cc26b) Importer(815301076,1909f56bfc062723c751e8b465ee728b)  -> (artifact id: 'f6f4f456b3bb352aa119588a51acfea9') in 0.067145 seconds 
========================================================================
Received Import Request.
  Time since last request: 0.000029 seconds.
  path: Assets/kenney_pixel-platformer/Tilemap/tiles_packed_50.asset
  artifactKey: Guid(68d1d28b8fc51a845bb2e9200d23bcc4) Importer(815301076,1909f56bfc062723c751e8b465ee728b)
Start importing Assets/kenney_pixel-platformer/Tilemap/tiles_packed_50.asset using Guid(68d1d28b8fc51a845bb2e9200d23bcc4) Importer(815301076,1909f56bfc062723c751e8b465ee728b)  -> (artifact id: 'bfd2ffb44d13b7c7292f3b94ad44a713') in 0.051259 seconds 
========================================================================
Received Import Request.
  Time since last request: 0.000035 seconds.
  path: Assets/kenney_pixel-platformer/Tilemap/tiles_packed_132.asset
  artifactKey: Guid(c96491551e106ec47a7d6336f16a6137) Importer(815301076,1909f56bfc062723c751e8b465ee728b)
Start importing Assets/kenney_pixel-platformer/Tilemap/tiles_packed_132.asset using Guid(c96491551e106ec47a7d6336f16a6137) Importer(815301076,1909f56bfc062723c751e8b465ee728b)  -> (artifact id: '08292d78d8387b07a745d6dee02392fb') in 0.014401 seconds 
========================================================================
Received Import Request.
  Time since last request: 0.000039 seconds.
  path: Assets/kenney_pixel-platformer/Tilemap/tiles_packed_120.asset
  artifactKey: Guid(c2ccf4c855d921945aa59f163f17daab) Importer(815301076,1909f56bfc062723c751e8b465ee728b)
Start importing Assets/kenney_pixel-platformer/Tilemap/tiles_packed_120.asset using Guid(c2ccf4c855d921945aa59f163f17daab) Importer(815301076,1909f56bfc062723c751e8b465ee728b)  -> (artifact id: 'a5436d884a2c1aa413e3a252ba8cbe62') in 0.017410 seconds 
========================================================================
Received Import Request.
  Time since last request: 0.000025 seconds.
  path: Assets/kenney_pixel-platformer/Tilemap/tiles_packed_30.asset
  artifactKey: Guid(8814bc486a1d0fb46933c871236ff2ce) Importer(815301076,1909f56bfc062723c751e8b465ee728b)
Start importing Assets/kenney_pixel-platformer/Tilemap/tiles_packed_30.asset using Guid(8814bc486a1d0fb46933c871236ff2ce) Importer(815301076,1909f56bfc062723c751e8b465ee728b)  -> (artifact id: '34fedd6d32ecd7fec22344bd2caf7a01') in 0.014311 seconds 
========================================================================
Received Import Request.
  Time since last request: 0.000020 seconds.
  path: Assets/kenney_pixel-platformer/Tilemap/tiles_packed_7.asset
  artifactKey: Guid(d0f85da34a6879945a173ad5cc3c60d2) Importer(815301076,1909f56bfc062723c751e8b465ee728b)
Start importing Assets/kenney_pixel-platformer/Tilemap/tiles_packed_7.asset using Guid(d0f85da34a6879945a173ad5cc3c60d2) Importer(815301076,1909f56bfc062723c751e8b465ee728b)  -> (artifact id: '5254f4b81499bebd273945bdfb7e2923') in 0.012729 seconds 
========================================================================
Received Import Request.
  Time since last request: 0.000025 seconds.
  path: Assets/kenney_pixel-platformer/Tilemap/tiles_packed_5.asset
  artifactKey: Guid(70b02202bb98c134e8014caa9165d698) Importer(815301076,1909f56bfc062723c751e8b465ee728b)
Start importing Assets/kenney_pixel-platformer/Tilemap/tiles_packed_5.asset using Guid(70b02202bb98c134e8014caa9165d698) Importer(815301076,1909f56bfc062723c751e8b465ee728b)  -> (artifact id: 'b9b55f3c5faca18e1cc31bdbbb0225f3') in 0.016099 seconds 
========================================================================
Received Import Request.
  Time since last request: 0.000023 seconds.
  path: Assets/kenney_pixel-platformer/Tilemap/tiles_packed_4.asset
  artifactKey: Guid(6947f3a7b057b454c916aee1b559df61) Importer(815301076,1909f56bfc062723c751e8b465ee728b)
Start importing Assets/kenney_pixel-platformer/Tilemap/tiles_packed_4.asset using Guid(6947f3a7b057b454c916aee1b559df61) Importer(815301076,1909f56bfc062723c751e8b465ee728b)  -> (artifact id: 'a627d04cca2472e36a3403a1ae4f23da') in 0.015207 seconds 
========================================================================
Received Import Request.
  Time since last request: 0.000024 seconds.
  path: Assets/kenney_pixel-platformer/Tilemap/tiles_packed_36.asset
  artifactKey: Guid(fc9bad53acc495d47b823595014afb76) Importer(815301076,1909f56bfc062723c751e8b465ee728b)
Start importing Assets/kenney_pixel-platformer/Tilemap/tiles_packed_36.asset using Guid(fc9bad53acc495d47b823595014afb76) Importer(815301076,1909f56bfc062723c751e8b465ee728b)  -> (artifact id: '1185291d35220ccb6a9f96c4e413decb') in 0.013904 seconds 
========================================================================
Received Import Request.
  Time since last request: 0.000024 seconds.
  path: Assets/kenney_pixel-platformer/Tilemap/tiles_packed_33.asset
  artifactKey: Guid(1cf8d895e5780b346a49a9beb9aec32e) Importer(815301076,1909f56bfc062723c751e8b465ee728b)
Start importing Assets/kenney_pixel-platformer/Tilemap/tiles_packed_33.asset using Guid(1cf8d895e5780b346a49a9beb9aec32e) Importer(815301076,1909f56bfc062723c751e8b465ee728b)  -> (artifact id: '87f6a5337fca65be67b400492b5ecc7e') in 0.011797 seconds 
========================================================================
Received Import Request.
  Time since last request: 0.000028 seconds.
  path: Assets/kenney_pixel-platformer/Tilemap/tiles_packed_57.asset
  artifactKey: Guid(142f5e04b0dbc854f8753f416563c3a3) Importer(815301076,1909f56bfc062723c751e8b465ee728b)
Start importing Assets/kenney_pixel-platformer/Tilemap/tiles_packed_57.asset using Guid(142f5e04b0dbc854f8753f416563c3a3) Importer(815301076,1909f56bfc062723c751e8b465ee728b)  -> (artifact id: '18a1bdb813f9dd02c8da6d8c4dafac99') in 0.011845 seconds 
========================================================================
Received Import Request.
  Time since last request: 0.000028 seconds.
  path: Assets/kenney_pixel-platformer/Tilemap/tiles_packed_46.asset
  artifactKey: Guid(4667c8d98b0a9e14b982f7793e4f4833) Importer(815301076,1909f56bfc062723c751e8b465ee728b)
Start importing Assets/kenney_pixel-platformer/Tilemap/tiles_packed_46.asset using Guid(4667c8d98b0a9e14b982f7793e4f4833) Importer(815301076,1909f56bfc062723c751e8b465ee728b)  -> (artifact id: 'f46037bf7f01b3a8e290db9a459f1a28') in 0.023675 seconds 
========================================================================
Received Import Request.
  Time since last request: 0.000023 seconds.
  path: Assets/kenney_pixel-platformer/Tilemap/tiles_packed_42.asset
  artifactKey: Guid(21e1073389b0dbb4cb9f5640529482cb) Importer(815301076,1909f56bfc062723c751e8b465ee728b)
Start importing Assets/kenney_pixel-platformer/Tilemap/tiles_packed_42.asset using Guid(21e1073389b0dbb4cb9f5640529482cb) Importer(815301076,1909f56bfc062723c751e8b465ee728b)  -> (artifact id: 'f09d85ef4c654c8480fedb351ca413d5') in 0.017221 seconds 
========================================================================
Received Import Request.
  Time since last request: 0.000019 seconds.
  path: Assets/kenney_pixel-platformer/Tilemap/tiles_packed_103.asset
  artifactKey: Guid(44653f6113b00ab4d829bec5023d1f3c) Importer(815301076,1909f56bfc062723c751e8b465ee728b)
Start importing Assets/kenney_pixel-platformer/Tilemap/tiles_packed_103.asset using Guid(44653f6113b00ab4d829bec5023d1f3c) Importer(815301076,1909f56bfc062723c751e8b465ee728b)  -> (artifact id: '884e41b46f39f08190a254b5f2abed6d') in 0.013405 seconds 
========================================================================
Received Import Request.
  Time since last request: 0.000027 seconds.
  path: Assets/kenney_pixel-platformer/Tilemap/tiles_packed_110.asset
  artifactKey: Guid(9e5b25faad55c17439632c833af19ca9) Importer(815301076,1909f56bfc062723c751e8b465ee728b)
Start importing Assets/kenney_pixel-platformer/Tilemap/tiles_packed_110.asset using Guid(9e5b25faad55c17439632c833af19ca9) Importer(815301076,1909f56bfc062723c751e8b465ee728b)  -> (artifact id: 'a115b03ca70efb202107e4d09849986b') in 0.011601 seconds 
========================================================================
Received Import Request.
  Time since last request: 0.000037 seconds.
  path: Assets/kenney_pixel-platformer/Tilemap/tiles_packed_59.asset
  artifactKey: Guid(09639d709f3e55e468dec2cf924f8750) Importer(815301076,1909f56bfc062723c751e8b465ee728b)
Start importing Assets/kenney_pixel-platformer/Tilemap/tiles_packed_59.asset using Guid(09639d709f3e55e468dec2cf924f8750) Importer(815301076,1909f56bfc062723c751e8b465ee728b)  -> (artifact id: '426fae088c327aad562f9703aa5ab70d') in 0.010426 seconds 
========================================================================
Received Import Request.
  Time since last request: 0.000019 seconds.
  path: Assets/kenney_pixel-platformer/Tilemap/tiles_packed_64.asset
  artifactKey: Guid(d6e0c77494ec82542b2c465d2c78a5f0) Importer(815301076,1909f56bfc062723c751e8b465ee728b)
Start importing Assets/kenney_pixel-platformer/Tilemap/tiles_packed_64.asset using Guid(d6e0c77494ec82542b2c465d2c78a5f0) Importer(815301076,1909f56bfc062723c751e8b465ee728b)  -> (artifact id: '2beb8d7842507db76cbc72f946a91405') in 0.011942 seconds 
========================================================================
Received Import Request.
  Time since last request: 0.000020 seconds.
  path: Assets/kenney_pixel-platformer/Tilemap/tiles_packed_3.asset
  artifactKey: Guid(0fe1f1d55fbbb5f49a39f9ebd4f9e6a1) Importer(815301076,1909f56bfc062723c751e8b465ee728b)
Start importing Assets/kenney_pixel-platformer/Tilemap/tiles_packed_3.asset using Guid(0fe1f1d55fbbb5f49a39f9ebd4f9e6a1) Importer(815301076,1909f56bfc062723c751e8b465ee728b)  -> (artifact id: 'bdbae5c4f930fe00955d06ad50c420a7') in 0.011621 seconds 
========================================================================
Received Import Request.
  Time since last request: 0.000025 seconds.
  path: Assets/kenney_pixel-platformer/Tilemap/tiles_packed_93.asset
  artifactKey: Guid(cbcd01d5130ef914ebbd7f2a41fddb6f) Importer(815301076,1909f56bfc062723c751e8b465ee728b)
Start importing Assets/kenney_pixel-platformer/Tilemap/tiles_packed_93.asset using Guid(cbcd01d5130ef914ebbd7f2a41fddb6f) Importer(815301076,1909f56bfc062723c751e8b465ee728b)  -> (artifact id: '4dcfd6acb63a07bade1971c549040432') in 0.015529 seconds 
========================================================================
Received Import Request.
  Time since last request: 0.000021 seconds.
  path: Assets/kenney_pixel-platformer/Tilemap/tiles_packed_29.asset
  artifactKey: Guid(e1f952a52ade16c489323636dcee09c8) Importer(815301076,1909f56bfc062723c751e8b465ee728b)
Start importing Assets/kenney_pixel-platformer/Tilemap/tiles_packed_29.asset using Guid(e1f952a52ade16c489323636dcee09c8) Importer(815301076,1909f56bfc062723c751e8b465ee728b)  -> (artifact id: 'f02776ff3c6140b5e4060e8f1074ddc4') in 0.017531 seconds 
========================================================================
Received Import Request.
  Time since last request: 0.000018 seconds.
  path: Assets/kenney_pixel-platformer/Tilemap/tiles_packed_61.asset
  artifactKey: Guid(1fa6e14d93d565649a099073223469a2) Importer(815301076,1909f56bfc062723c751e8b465ee728b)
Start importing Assets/kenney_pixel-platformer/Tilemap/tiles_packed_61.asset using Guid(1fa6e14d93d565649a099073223469a2) Importer(815301076,1909f56bfc062723c751e8b465ee728b)  -> (artifact id: '53789531f29109f0ab7ed8907e3b64a7') in 0.014915 seconds 
========================================================================
Received Import Request.
  Time since last request: 0.000028 seconds.
  path: Assets/kenney_pixel-platformer/Tilemap/tiles_packed_79.asset
  artifactKey: Guid(0b1c9852ebe06274fbc3011fe58e0d29) Importer(815301076,1909f56bfc062723c751e8b465ee728b)
Start importing Assets/kenney_pixel-platformer/Tilemap/tiles_packed_79.asset using Guid(0b1c9852ebe06274fbc3011fe58e0d29) Importer(815301076,1909f56bfc062723c751e8b465ee728b)  -> (artifact id: 'd9468a951d530d5c28e53a69b83a017e') in 0.018168 seconds 
========================================================================
Received Import Request.
  Time since last request: 0.000024 seconds.
  path: Assets/kenney_pixel-platformer/Tilemap/tiles_packed_98.asset
  artifactKey: Guid(41343c4dc3bbddd469904515ae5276bc) Importer(815301076,1909f56bfc062723c751e8b465ee728b)
Start importing Assets/kenney_pixel-platformer/Tilemap/tiles_packed_98.asset using Guid(41343c4dc3bbddd469904515ae5276bc) Importer(815301076,1909f56bfc062723c751e8b465ee728b)  -> (artifact id: '7a50afe75051fd63b236077fd92f26ad') in 0.012260 seconds 
========================================================================
Received Import Request.
  Time since last request: 0.000025 seconds.
  path: Assets/kenney_pixel-platformer/Tilemap/tiles_packed_27.asset
  artifactKey: Guid(6b70e50b8bb742347a0a53ef25b07180) Importer(815301076,1909f56bfc062723c751e8b465ee728b)
Start importing Assets/kenney_pixel-platformer/Tilemap/tiles_packed_27.asset using Guid(6b70e50b8bb742347a0a53ef25b07180) Importer(815301076,1909f56bfc062723c751e8b465ee728b)  -> (artifact id: '42f7c36ce612669df0425c78aa82fe52') in 0.012890 seconds 
========================================================================
Received Import Request.
  Time since last request: 0.000027 seconds.
  path: Assets/kenney_pixel-platformer/Tilemap/tiles_packed_117.asset
  artifactKey: Guid(295eb2d0c5642d844b6dc4f330083f7c) Importer(815301076,1909f56bfc062723c751e8b465ee728b)
Start importing Assets/kenney_pixel-platformer/Tilemap/tiles_packed_117.asset using Guid(295eb2d0c5642d844b6dc4f330083f7c) Importer(815301076,1909f56bfc062723c751e8b465ee728b)  -> (artifact id: '45a4c4380f538af30840e12954fbb356') in 0.015054 seconds 
========================================================================
Received Import Request.
  Time since last request: 0.000027 seconds.
  path: Assets/kenney_pixel-platformer/Tilemap/tiles_packed_136.asset
  artifactKey: Guid(a7f364d59149d4c42a718d2abb767f2f) Importer(815301076,1909f56bfc062723c751e8b465ee728b)
Start importing Assets/kenney_pixel-platformer/Tilemap/tiles_packed_136.asset using Guid(a7f364d59149d4c42a718d2abb767f2f) Importer(815301076,1909f56bfc062723c751e8b465ee728b)  -> (artifact id: 'aa0f09191b1058ffdfa8b43352396320') in 0.017011 seconds 
========================================================================
Received Import Request.
  Time since last request: 0.000026 seconds.
  path: Assets/kenney_pixel-platformer/Tilemap/tiles_packed_40.asset
  artifactKey: Guid(acdd2d20e6e00d94d80ebd32653af5cd) Importer(815301076,1909f56bfc062723c751e8b465ee728b)
Start importing Assets/kenney_pixel-platformer/Tilemap/tiles_packed_40.asset using Guid(acdd2d20e6e00d94d80ebd32653af5cd) Importer(815301076,1909f56bfc062723c751e8b465ee728b)  -> (artifact id: '1751593eff2de4f0189dfc96ca4380c7') in 0.014400 seconds 
========================================================================
Received Import Request.
  Time since last request: 0.000034 seconds.
  path: Assets/kenney_pixel-platformer/Tilemap/tiles_packed_74.asset
  artifactKey: Guid(7a932461b9ccceb47a1094aff6995be4) Importer(815301076,1909f56bfc062723c751e8b465ee728b)
Start importing Assets/kenney_pixel-platformer/Tilemap/tiles_packed_74.asset using Guid(7a932461b9ccceb47a1094aff6995be4) Importer(815301076,1909f56bfc062723c751e8b465ee728b)  -> (artifact id: '96f4493a6e339ed95a6f8ea6f8425323') in 0.012724 seconds 
========================================================================
Received Import Request.
  Time since last request: 0.000021 seconds.
  path: Assets/kenney_pixel-platformer/Tilemap/tiles_packed_115.asset
  artifactKey: Guid(020fcdb5ff67d364cb752e56abcd43c2) Importer(815301076,1909f56bfc062723c751e8b465ee728b)
Start importing Assets/kenney_pixel-platformer/Tilemap/tiles_packed_115.asset using Guid(020fcdb5ff67d364cb752e56abcd43c2) Importer(815301076,1909f56bfc062723c751e8b465ee728b)  -> (artifact id: 'd067ca5118df739f3b5e71673af20898') in 0.010880 seconds 
========================================================================
Received Import Request.
  Time since last request: 0.000018 seconds.
  path: Assets/kenney_pixel-platformer/Tilemap/tiles_packed_68.asset
  artifactKey: Guid(45f52d350983aad4c888e8f36b571b30) Importer(815301076,1909f56bfc062723c751e8b465ee728b)
Start importing Assets/kenney_pixel-platformer/Tilemap/tiles_packed_68.asset using Guid(45f52d350983aad4c888e8f36b571b30) Importer(815301076,1909f56bfc062723c751e8b465ee728b)  -> (artifact id: '9e565138086be140747e87a8ff481588') in 0.010285 seconds 
========================================================================
Received Import Request.
  Time since last request: 0.000023 seconds.
  path: Assets/kenney_pixel-platformer/Tilemap/tiles_packed_75.asset
  artifactKey: Guid(76e70b83ee95ac048a347a3093bffb34) Importer(815301076,1909f56bfc062723c751e8b465ee728b)
Start importing Assets/kenney_pixel-platformer/Tilemap/tiles_packed_75.asset using Guid(76e70b83ee95ac048a347a3093bffb34) Importer(815301076,1909f56bfc062723c751e8b465ee728b)  -> (artifact id: '32b6204ddc799d712c0d33eb38e686bb') in 0.017539 seconds 
========================================================================
Received Import Request.
  Time since last request: 0.000025 seconds.
  path: Assets/kenney_pixel-platformer/Tilemap/tiles_packed_138.asset
  artifactKey: Guid(96b7a5e08ab909f44b0721d3ecfee3f5) Importer(815301076,1909f56bfc062723c751e8b465ee728b)
Start importing Assets/kenney_pixel-platformer/Tilemap/tiles_packed_138.asset using Guid(96b7a5e08ab909f44b0721d3ecfee3f5) Importer(815301076,1909f56bfc062723c751e8b465ee728b)  -> (artifact id: '146f2dc69533b25587efcc2e83e6ae91') in 0.011792 seconds 
========================================================================
Received Import Request.
  Time since last request: 0.000021 seconds.
  path: Assets/kenney_pixel-platformer/Tilemap/tiles_packed_26.asset
  artifactKey: Guid(9828ee8214447384d89d5563d998bc03) Importer(815301076,1909f56bfc062723c751e8b465ee728b)
Start importing Assets/kenney_pixel-platformer/Tilemap/tiles_packed_26.asset using Guid(9828ee8214447384d89d5563d998bc03) Importer(815301076,1909f56bfc062723c751e8b465ee728b)  -> (artifact id: '5dfcc3f80985f8bedf6ad4529b00a108') in 0.011018 seconds 
========================================================================
Received Import Request.
  Time since last request: 0.000022 seconds.
  path: Assets/kenney_pixel-platformer/Tilemap/tiles_packed_122.asset
  artifactKey: Guid(8e4a168089f982742b974ab09ccd8bd9) Importer(815301076,1909f56bfc062723c751e8b465ee728b)
Start importing Assets/kenney_pixel-platformer/Tilemap/tiles_packed_122.asset using Guid(8e4a168089f982742b974ab09ccd8bd9) Importer(815301076,1909f56bfc062723c751e8b465ee728b)  -> (artifact id: 'd216495baeb071765d27bcdc23a05788') in 0.013074 seconds 
========================================================================
Received Import Request.
  Time since last request: 0.000020 seconds.
  path: Assets/kenney_pixel-platformer/Tilemap/tiles_packed_67.asset
  artifactKey: Guid(5504b2fba1c74f54f8c8ad280db35716) Importer(815301076,1909f56bfc062723c751e8b465ee728b)
Start importing Assets/kenney_pixel-platformer/Tilemap/tiles_packed_67.asset using Guid(5504b2fba1c74f54f8c8ad280db35716) Importer(815301076,1909f56bfc062723c751e8b465ee728b)  -> (artifact id: 'b567ee167a97af6cc13bcc886e58f6cb') in 0.011750 seconds 
========================================================================
Received Import Request.
  Time since last request: 0.000030 seconds.
  path: Assets/kenney_pixel-platformer/Tilemap/tiles_packed_20.asset
  artifactKey: Guid(9cd1903c4d05a854fa2362cc53bb2a29) Importer(815301076,1909f56bfc062723c751e8b465ee728b)
Start importing Assets/kenney_pixel-platformer/Tilemap/tiles_packed_20.asset using Guid(9cd1903c4d05a854fa2362cc53bb2a29) Importer(815301076,1909f56bfc062723c751e8b465ee728b)  -> (artifact id: 'e57a6b759006bc15eba4c6d8e0987b0c') in 0.010922 seconds 
========================================================================
Received Import Request.
  Time since last request: 0.000022 seconds.
  path: Assets/kenney_pixel-platformer/Tilemap/tiles_packed_84.asset
  artifactKey: Guid(90adc8df6838259489703760189e7aff) Importer(815301076,1909f56bfc062723c751e8b465ee728b)
Start importing Assets/kenney_pixel-platformer/Tilemap/tiles_packed_84.asset using Guid(90adc8df6838259489703760189e7aff) Importer(815301076,1909f56bfc062723c751e8b465ee728b)  -> (artifact id: '59487fba343d85d6f5640f1f6e8d0b4b') in 0.010842 seconds 
========================================================================
Received Import Request.
  Time since last request: 0.000017 seconds.
  path: Assets/kenney_pixel-platformer/Tilemap/tiles_packed_63.asset
  artifactKey: Guid(56e11881429b7b7429d1f452d98f0923) Importer(815301076,1909f56bfc062723c751e8b465ee728b)
Start importing Assets/kenney_pixel-platformer/Tilemap/tiles_packed_63.asset using Guid(56e11881429b7b7429d1f452d98f0923) Importer(815301076,1909f56bfc062723c751e8b465ee728b)  -> (artifact id: '3e5ee8555c8061c95529e4190c815a75') in 0.010919 seconds 
========================================================================
Received Import Request.
  Time since last request: 0.000020 seconds.
  path: Assets/kenney_pixel-platformer/Tilemap/tiles_packed_62.asset
  artifactKey: Guid(789e79775fa4b1e4183e6078c901f69b) Importer(815301076,1909f56bfc062723c751e8b465ee728b)
Start importing Assets/kenney_pixel-platformer/Tilemap/tiles_packed_62.asset using Guid(789e79775fa4b1e4183e6078c901f69b) Importer(815301076,1909f56bfc062723c751e8b465ee728b)  -> (artifact id: '4585daaa674e4ae359986c20ae8b0cdd') in 0.010747 seconds 
========================================================================
Received Import Request.
  Time since last request: 0.000018 seconds.
  path: Assets/kenney_pixel-platformer/Tilemap/tiles_packed_83.asset
  artifactKey: Guid(26443a36af949d847bb3d321f3bcd21c) Importer(815301076,1909f56bfc062723c751e8b465ee728b)
Start importing Assets/kenney_pixel-platformer/Tilemap/tiles_packed_83.asset using Guid(26443a36af949d847bb3d321f3bcd21c) Importer(815301076,1909f56bfc062723c751e8b465ee728b)  -> (artifact id: 'b924edc43a63924f618e9a931202218b') in 0.009893 seconds 
========================================================================
Received Import Request.
  Time since last request: 0.000026 seconds.
  path: Assets/kenney_pixel-platformer/Tilemap/tiles_packed_99.asset
  artifactKey: Guid(8ba7699f8dbfdad43a258d4a1bbc5192) Importer(815301076,1909f56bfc062723c751e8b465ee728b)
Start importing Assets/kenney_pixel-platformer/Tilemap/tiles_packed_99.asset using Guid(8ba7699f8dbfdad43a258d4a1bbc5192) Importer(815301076,1909f56bfc062723c751e8b465ee728b)  -> (artifact id: 'ab8a3652e7054372d50ea210cfd005a9') in 0.010544 seconds 
========================================================================
Received Import Request.
  Time since last request: 0.000034 seconds.
  path: Assets/kenney_pixel-platformer/Tilemap/tiles_packed_60.asset
  artifactKey: Guid(04bfea8d08378da4b959cd8c260b2211) Importer(815301076,1909f56bfc062723c751e8b465ee728b)
Start importing Assets/kenney_pixel-platformer/Tilemap/tiles_packed_60.asset using Guid(04bfea8d08378da4b959cd8c260b2211) Importer(815301076,1909f56bfc062723c751e8b465ee728b)  -> (artifact id: '174b6d11329cbe1702f8013035855964') in 0.010420 seconds 
========================================================================
Received Import Request.
  Time since last request: 0.000022 seconds.
  path: Assets/kenney_pixel-platformer/Tilemap/tiles_packed_35.asset
  artifactKey: Guid(5a6549e3979a4a94bbc35dd06c5b9e5c) Importer(815301076,1909f56bfc062723c751e8b465ee728b)
Start importing Assets/kenney_pixel-platformer/Tilemap/tiles_packed_35.asset using Guid(5a6549e3979a4a94bbc35dd06c5b9e5c) Importer(815301076,1909f56bfc062723c751e8b465ee728b)  -> (artifact id: '37ed69e682587ca533d61f9f727f9e70') in 0.010873 seconds 
========================================================================
Received Import Request.
  Time since last request: 0.000020 seconds.
  path: Assets/kenney_pixel-platformer/Tilemap/tiles_packed_116.asset
  artifactKey: Guid(c96293293dac6ed42a0853aff6c6cde1) Importer(815301076,1909f56bfc062723c751e8b465ee728b)
Start importing Assets/kenney_pixel-platformer/Tilemap/tiles_packed_116.asset using Guid(c96293293dac6ed42a0853aff6c6cde1) Importer(815301076,1909f56bfc062723c751e8b465ee728b)  -> (artifact id: '5ba2da99b0e1cdba1cda6eadf98494a0') in 0.010693 seconds 
========================================================================
Received Import Request.
  Time since last request: 0.000023 seconds.
  path: Assets/kenney_pixel-platformer/Tilemap/tiles_packed_39.asset
  artifactKey: Guid(47d0961fd3ede7b4ca1b6f9789a11da1) Importer(815301076,1909f56bfc062723c751e8b465ee728b)
Start importing Assets/kenney_pixel-platformer/Tilemap/tiles_packed_39.asset using Guid(47d0961fd3ede7b4ca1b6f9789a11da1) Importer(815301076,1909f56bfc062723c751e8b465ee728b)  -> (artifact id: '6277c99de318b4ced118422f7523436c') in 0.010679 seconds 
========================================================================
Received Import Request.
  Time since last request: 0.000017 seconds.
  path: Assets/kenney_pixel-platformer/Tilemap/tiles_packed_78.asset
  artifactKey: Guid(8e7f667fbb54bea48b3d986e09aae076) Importer(815301076,1909f56bfc062723c751e8b465ee728b)
Start importing Assets/kenney_pixel-platformer/Tilemap/tiles_packed_78.asset using Guid(8e7f667fbb54bea48b3d986e09aae076) Importer(815301076,1909f56bfc062723c751e8b465ee728b)  -> (artifact id: '6e1e71f4032049cbf3de6f236bb7392a') in 0.010328 seconds 
========================================================================
Received Import Request.
  Time since last request: 0.000026 seconds.
  path: Assets/kenney_pixel-platformer/Tilemap/tiles_packed_104.asset
  artifactKey: Guid(2a2eead01942ade4f83f1e153bb212ee) Importer(815301076,1909f56bfc062723c751e8b465ee728b)
Start importing Assets/kenney_pixel-platformer/Tilemap/tiles_packed_104.asset using Guid(2a2eead01942ade4f83f1e153bb212ee) Importer(815301076,1909f56bfc062723c751e8b465ee728b)  -> (artifact id: 'f3e307378dbc2fbdfe2ae427974f43c7') in 0.010247 seconds 
========================================================================
Received Import Request.
  Time since last request: 0.000022 seconds.
  path: Assets/kenney_pixel-platformer/Tilemap/tiles_packed_69.asset
  artifactKey: Guid(ec3883663b1707e43a2b93d5923e18c9) Importer(815301076,1909f56bfc062723c751e8b465ee728b)
Start importing Assets/kenney_pixel-platformer/Tilemap/tiles_packed_69.asset using Guid(ec3883663b1707e43a2b93d5923e18c9) Importer(815301076,1909f56bfc062723c751e8b465ee728b)  -> (artifact id: 'ebe89b3ce0434dd740d959f07894e121') in 0.021879 seconds 
========================================================================
Received Import Request.
  Time since last request: 0.000030 seconds.
  path: Assets/kenney_pixel-platformer/Tilemap/tiles_packed_137.asset
  artifactKey: Guid(386a3d510bd2940408e3c0a0bc9494e6) Importer(815301076,1909f56bfc062723c751e8b465ee728b)
Start importing Assets/kenney_pixel-platformer/Tilemap/tiles_packed_137.asset using Guid(386a3d510bd2940408e3c0a0bc9494e6) Importer(815301076,1909f56bfc062723c751e8b465ee728b)  -> (artifact id: '461b92fedfb8fbf3d6d7feb5707444f4') in 0.012699 seconds 
========================================================================
Received Import Request.
  Time since last request: 0.000021 seconds.
  path: Assets/kenney_pixel-platformer/Tilemap/tiles_packed_101.asset
  artifactKey: Guid(9cb83f86fec7c3c46ae78a0ad6740701) Importer(815301076,1909f56bfc062723c751e8b465ee728b)
Start importing Assets/kenney_pixel-platformer/Tilemap/tiles_packed_101.asset using Guid(9cb83f86fec7c3c46ae78a0ad6740701) Importer(815301076,1909f56bfc062723c751e8b465ee728b)  -> (artifact id: '68cfe816a417e809e314dd978357ef48') in 0.010962 seconds 
========================================================================
Received Import Request.
  Time since last request: 0.000024 seconds.
  path: Assets/kenney_pixel-platformer/Tilemap/tiles_packed_131.asset
  artifactKey: Guid(c410f78c509abc8438863da8d64a6bda) Importer(815301076,1909f56bfc062723c751e8b465ee728b)
Start importing Assets/kenney_pixel-platformer/Tilemap/tiles_packed_131.asset using Guid(c410f78c509abc8438863da8d64a6bda) Importer(815301076,1909f56bfc062723c751e8b465ee728b)  -> (artifact id: 'd66688f559fd701ad99b52425bcecb1f') in 0.011083 seconds 
========================================================================
Received Import Request.
  Time since last request: 0.000022 seconds.
  path: Assets/kenney_pixel-platformer/Tilemap/tiles_packed_127.asset
  artifactKey: Guid(ad943fdffe3b6d44c8e116bc25b047c9) Importer(815301076,1909f56bfc062723c751e8b465ee728b)
Start importing Assets/kenney_pixel-platformer/Tilemap/tiles_packed_127.asset using Guid(ad943fdffe3b6d44c8e116bc25b047c9) Importer(815301076,1909f56bfc062723c751e8b465ee728b)  -> (artifact id: '7c9da3f4b3e669cc6c58fb60ebd8e1e6') in 0.012192 seconds 
========================================================================
Received Import Request.
  Time since last request: 0.000022 seconds.
  path: Assets/kenney_pixel-platformer/Tilemap/tiles_packed_124.asset
  artifactKey: Guid(ee46a97da16e7004b85fc5b05d055cf6) Importer(815301076,1909f56bfc062723c751e8b465ee728b)
Start importing Assets/kenney_pixel-platformer/Tilemap/tiles_packed_124.asset using Guid(ee46a97da16e7004b85fc5b05d055cf6) Importer(815301076,1909f56bfc062723c751e8b465ee728b)  -> (artifact id: 'efb04561261b9fba037e9d8f538b733d') in 0.012379 seconds 
========================================================================
Received Import Request.
  Time since last request: 0.000026 seconds.
  path: Assets/kenney_pixel-platformer/Tilemap/tiles_packed_108.asset
  artifactKey: Guid(a5b8030aa9b21d84cb38d59f6e75a38a) Importer(815301076,1909f56bfc062723c751e8b465ee728b)
Start importing Assets/kenney_pixel-platformer/Tilemap/tiles_packed_108.asset using Guid(a5b8030aa9b21d84cb38d59f6e75a38a) Importer(815301076,1909f56bfc062723c751e8b465ee728b)  -> (artifact id: 'a9b55dfa0f7985330bb1086a0b7d1e26') in 0.011871 seconds 
========================================================================
Received Import Request.
  Time since last request: 0.000034 seconds.
  path: Assets/kenney_pixel-platformer/Tilemap/tiles_packed_56.asset
  artifactKey: Guid(2566079ed03db414380edc250f7e485f) Importer(815301076,1909f56bfc062723c751e8b465ee728b)
Start importing Assets/kenney_pixel-platformer/Tilemap/tiles_packed_56.asset using Guid(2566079ed03db414380edc250f7e485f) Importer(815301076,1909f56bfc062723c751e8b465ee728b)  -> (artifact id: '66d13aa05837e4cddb2c0e7ebe7c57d3') in 0.012439 seconds 
========================================================================
Received Import Request.
  Time since last request: 0.000022 seconds.
  path: Assets/kenney_pixel-platformer/Tilemap/tiles_packed_96.asset
  artifactKey: Guid(f5d281b223f5425449439fb0e4c2e1ec) Importer(815301076,1909f56bfc062723c751e8b465ee728b)
Start importing Assets/kenney_pixel-platformer/Tilemap/tiles_packed_96.asset using Guid(f5d281b223f5425449439fb0e4c2e1ec) Importer(815301076,1909f56bfc062723c751e8b465ee728b)  -> (artifact id: 'f7e0618f778f270faf01b581c18efbd8') in 0.012856 seconds 
========================================================================
Received Import Request.
  Time since last request: 0.000022 seconds.
  path: Assets/kenney_pixel-platformer/Tilemap/tiles_packed_76.asset
  artifactKey: Guid(ae99ddac24631554793c9d4740fba728) Importer(815301076,1909f56bfc062723c751e8b465ee728b)
Start importing Assets/kenney_pixel-platformer/Tilemap/tiles_packed_76.asset using Guid(ae99ddac24631554793c9d4740fba728) Importer(815301076,1909f56bfc062723c751e8b465ee728b)  -> (artifact id: '6081834ab585e88babdd6b101ab8d1a5') in 0.012345 seconds 
========================================================================
Received Import Request.
  Time since last request: 0.000018 seconds.
  path: Assets/kenney_pixel-platformer/Tilemap/tiles_packed_118.asset
  artifactKey: Guid(e0a2404346509e24e824eea26f18aa00) Importer(815301076,1909f56bfc062723c751e8b465ee728b)
Start importing Assets/kenney_pixel-platformer/Tilemap/tiles_packed_118.asset using Guid(e0a2404346509e24e824eea26f18aa00) Importer(815301076,1909f56bfc062723c751e8b465ee728b)  -> (artifact id: '3448b5ccfcebcb907bebf9d78afbea6e') in 0.011583 seconds 
========================================================================
Received Import Request.
  Time since last request: 0.000017 seconds.
  path: Assets/kenney_pixel-platformer/Tilemap/tiles_packed_112.asset
  artifactKey: Guid(10d42dcb782847f438610a67f2508ce2) Importer(815301076,1909f56bfc062723c751e8b465ee728b)
Start importing Assets/kenney_pixel-platformer/Tilemap/tiles_packed_112.asset using Guid(10d42dcb782847f438610a67f2508ce2) Importer(815301076,1909f56bfc062723c751e8b465ee728b)  -> (artifact id: '896d6f37c767234a1062852aa030d48c') in 0.016928 seconds 
========================================================================
Received Import Request.
  Time since last request: 0.000025 seconds.
  path: Assets/kenney_pixel-platformer/Tilemap/tiles_packed_15.asset
  artifactKey: Guid(f4af29e23810ad947b180b73edb66094) Importer(815301076,1909f56bfc062723c751e8b465ee728b)
Start importing Assets/kenney_pixel-platformer/Tilemap/tiles_packed_15.asset using Guid(f4af29e23810ad947b180b73edb66094) Importer(815301076,1909f56bfc062723c751e8b465ee728b)  -> (artifact id: '30aa62540cbfe101a8ab781d2d7d3bbd') in 0.010611 seconds 
========================================================================
Received Import Request.
  Time since last request: 0.000021 seconds.
  path: Assets/kenney_pixel-platformer/Tilemap/tiles_packed_81.asset
  artifactKey: Guid(7d68a2788483adc46a03c55ef82fcecf) Importer(815301076,1909f56bfc062723c751e8b465ee728b)
Start importing Assets/kenney_pixel-platformer/Tilemap/tiles_packed_81.asset using Guid(7d68a2788483adc46a03c55ef82fcecf) Importer(815301076,1909f56bfc062723c751e8b465ee728b)  -> (artifact id: '43c5f086977272bf918d0af42f9bf08d') in 0.010963 seconds 
========================================================================
Received Import Request.
  Time since last request: 0.000024 seconds.
  path: Assets/kenney_pixel-platformer/Tilemap/tiles_packed_17.asset
  artifactKey: Guid(3036578fa8ea36e4e9642e28a6e2eec6) Importer(815301076,1909f56bfc062723c751e8b465ee728b)
Start importing Assets/kenney_pixel-platformer/Tilemap/tiles_packed_17.asset using Guid(3036578fa8ea36e4e9642e28a6e2eec6) Importer(815301076,1909f56bfc062723c751e8b465ee728b)  -> (artifact id: '990da6aee9acf263030b856944ca3865') in 0.011948 seconds 
========================================================================
Received Import Request.
  Time since last request: 0.000025 seconds.
  path: Assets/kenney_pixel-platformer/Tilemap/tiles_packed_113.asset
  artifactKey: Guid(8cce5933461f00245aa36c754a281fc5) Importer(815301076,1909f56bfc062723c751e8b465ee728b)
Start importing Assets/kenney_pixel-platformer/Tilemap/tiles_packed_113.asset using Guid(8cce5933461f00245aa36c754a281fc5) Importer(815301076,1909f56bfc062723c751e8b465ee728b)  -> (artifact id: '38a97c1676cf1c492f9d2c31420edcef') in 0.012020 seconds 
========================================================================
Received Import Request.
  Time since last request: 0.000025 seconds.
  path: Assets/kenney_pixel-platformer/Tilemap/tiles_packed_77.asset
  artifactKey: Guid(cbe29346ab396ab4b8c048a648b113a8) Importer(815301076,1909f56bfc062723c751e8b465ee728b)
Start importing Assets/kenney_pixel-platformer/Tilemap/tiles_packed_77.asset using Guid(cbe29346ab396ab4b8c048a648b113a8) Importer(815301076,1909f56bfc062723c751e8b465ee728b)  -> (artifact id: '5926b1a310da4e15021c54651c659dfc') in 0.012240 seconds 
========================================================================
Received Import Request.
  Time since last request: 0.000028 seconds.
  path: Assets/kenney_pixel-platformer/Tilemap/tiles_packed_90.asset
  artifactKey: Guid(2b0f053aefe89604aadd78a66db25168) Importer(815301076,1909f56bfc062723c751e8b465ee728b)
Start importing Assets/kenney_pixel-platformer/Tilemap/tiles_packed_90.asset using Guid(2b0f053aefe89604aadd78a66db25168) Importer(815301076,1909f56bfc062723c751e8b465ee728b)  -> (artifact id: '160302f7ee914f10dedd2a768647e2dd') in 0.022965 seconds 
========================================================================
Received Import Request.
  Time since last request: 0.000027 seconds.
  path: Assets/kenney_pixel-platformer/Tilemap/tiles_packed_32.asset
  artifactKey: Guid(e92a40e08a892294fbe41e6aa994cd76) Importer(815301076,1909f56bfc062723c751e8b465ee728b)
Start importing Assets/kenney_pixel-platformer/Tilemap/tiles_packed_32.asset using Guid(e92a40e08a892294fbe41e6aa994cd76) Importer(815301076,1909f56bfc062723c751e8b465ee728b)  -> (artifact id: 'd5a944b2fc1435acee7f4029dd27a8f9') in 0.029879 seconds 
========================================================================
Received Import Request.
  Time since last request: 0.000032 seconds.
  path: Assets/kenney_pixel-platformer/Tilemap/tiles_packed_71.asset
  artifactKey: Guid(7b378d3769244bd4c99bb6c2737b2623) Importer(815301076,1909f56bfc062723c751e8b465ee728b)
Start importing Assets/kenney_pixel-platformer/Tilemap/tiles_packed_71.asset using Guid(7b378d3769244bd4c99bb6c2737b2623) Importer(815301076,1909f56bfc062723c751e8b465ee728b)  -> (artifact id: 'e8d0b00756f85013832df214b25171e9') in 0.014544 seconds 
========================================================================
Received Import Request.
  Time since last request: 0.002472 seconds.
  path: Assets/kenney_pixel-platformer/Tilemap/tiles_packed_88.asset
  artifactKey: Guid(e470afc54fe5cd744b400ec9d67608d0) Importer(815301076,1909f56bfc062723c751e8b465ee728b)
Start importing Assets/kenney_pixel-platformer/Tilemap/tiles_packed_88.asset using Guid(e470afc54fe5cd744b400ec9d67608d0) Importer(815301076,1909f56bfc062723c751e8b465ee728b)  -> (artifact id: 'bc25e2be391e963b1232ed91ce5842b6') in 0.012069 seconds 
========================================================================
Received Import Request.
  Time since last request: 0.000025 seconds.
  path: Assets/kenney_pixel-platformer/Tilemap/tiles_packed_43.asset
  artifactKey: Guid(47b6a62b50560074fa01fae1663e2ac5) Importer(815301076,1909f56bfc062723c751e8b465ee728b)
Start importing Assets/kenney_pixel-platformer/Tilemap/tiles_packed_43.asset using Guid(47b6a62b50560074fa01fae1663e2ac5) Importer(815301076,1909f56bfc062723c751e8b465ee728b)  -> (artifact id: 'f652849bd573c98bb8defabf4d92b20c') in 0.014822 seconds 
========================================================================
Received Import Request.
  Time since last request: 0.000023 seconds.
  path: Assets/kenney_pixel-platformer/Tilemap/tiles_packed_107.asset
  artifactKey: Guid(43cdda7d34ce9f44abab9bcb28348046) Importer(815301076,1909f56bfc062723c751e8b465ee728b)
Start importing Assets/kenney_pixel-platformer/Tilemap/tiles_packed_107.asset using Guid(43cdda7d34ce9f44abab9bcb28348046) Importer(815301076,1909f56bfc062723c751e8b465ee728b)  -> (artifact id: '0bad058644290ad7ac39711f7d1d88b2') in 0.010705 seconds 
========================================================================
Received Import Request.
  Time since last request: 0.000017 seconds.
  path: Assets/kenney_pixel-platformer/Tilemap/tiles_packed_114.asset
  artifactKey: Guid(a0b8ed99181282448ba731007494e8ad) Importer(815301076,1909f56bfc062723c751e8b465ee728b)
Start importing Assets/kenney_pixel-platformer/Tilemap/tiles_packed_114.asset using Guid(a0b8ed99181282448ba731007494e8ad) Importer(815301076,1909f56bfc062723c751e8b465ee728b)  -> (artifact id: 'be0da32355bf90112901e28eba116774') in 0.009802 seconds 
========================================================================
Received Import Request.
  Time since last request: 0.000024 seconds.
  path: Assets/kenney_pixel-platformer/Tilemap/tiles_packed_70.asset
  artifactKey: Guid(e41b7f8ca270949488214c7ad24c9f4b) Importer(815301076,1909f56bfc062723c751e8b465ee728b)
Start importing Assets/kenney_pixel-platformer/Tilemap/tiles_packed_70.asset using Guid(e41b7f8ca270949488214c7ad24c9f4b) Importer(815301076,1909f56bfc062723c751e8b465ee728b)  -> (artifact id: '136d6c57706b9d489c7e770d08261b51') in 0.011422 seconds 
========================================================================
Received Import Request.
  Time since last request: 0.000027 seconds.
  path: Assets/kenney_pixel-platformer/Tilemap/tiles_packed_16.asset
  artifactKey: Guid(59c7e2c2b15c9da4a8bb0e9e696e67e3) Importer(815301076,1909f56bfc062723c751e8b465ee728b)
Start importing Assets/kenney_pixel-platformer/Tilemap/tiles_packed_16.asset using Guid(59c7e2c2b15c9da4a8bb0e9e696e67e3) Importer(815301076,1909f56bfc062723c751e8b465ee728b)  -> (artifact id: '12e3af680e6594c1fc724a7e58672391') in 0.011000 seconds 
========================================================================
Received Import Request.
  Time since last request: 0.000026 seconds.
  path: Assets/kenney_pixel-platformer/Tilemap/tiles_packed_133.asset
  artifactKey: Guid(399cf552aa7fc994199db41f726cd1d3) Importer(815301076,1909f56bfc062723c751e8b465ee728b)
Start importing Assets/kenney_pixel-platformer/Tilemap/tiles_packed_133.asset using Guid(399cf552aa7fc994199db41f726cd1d3) Importer(815301076,1909f56bfc062723c751e8b465ee728b)  -> (artifact id: '68f646622387ff6db355b80437e50ab4') in 0.010748 seconds 
========================================================================
Received Import Request.
  Time since last request: 0.000027 seconds.
  path: Assets/kenney_pixel-platformer/Tilemap/tiles_packed_130.asset
  artifactKey: Guid(03aba00bf713b1d478f25effc8c6d1d1) Importer(815301076,1909f56bfc062723c751e8b465ee728b)
Start importing Assets/kenney_pixel-platformer/Tilemap/tiles_packed_130.asset using Guid(03aba00bf713b1d478f25effc8c6d1d1) Importer(815301076,1909f56bfc062723c751e8b465ee728b)  -> (artifact id: 'e4539670709ee0f423b81d9cab3f5b83') in 0.010456 seconds 
========================================================================
Received Import Request.
  Time since last request: 0.000024 seconds.
  path: Assets/kenney_pixel-platformer/Tilemap/tiles_packed_6.asset
  artifactKey: Guid(ad2f0f7de0ac57f46a4eb71d38abe855) Importer(815301076,1909f56bfc062723c751e8b465ee728b)
Start importing Assets/kenney_pixel-platformer/Tilemap/tiles_packed_6.asset using Guid(ad2f0f7de0ac57f46a4eb71d38abe855) Importer(815301076,1909f56bfc062723c751e8b465ee728b)  -> (artifact id: 'ae579502a9ba9db881c342feb9c58ea1') in 0.010624 seconds 
========================================================================
Received Import Request.
  Time since last request: 0.345305 seconds.
  path: Assets/kenney_pixel-platformer/Tilemap/tiles_packed_141.asset
  artifactKey: Guid(1a777531efeae3545a42ac6747b960ef) Importer(815301076,1909f56bfc062723c751e8b465ee728b)
Start importing Assets/kenney_pixel-platformer/Tilemap/tiles_packed_141.asset using Guid(1a777531efeae3545a42ac6747b960ef) Importer(815301076,1909f56bfc062723c751e8b465ee728b)  -> (artifact id: '45b614fc1b245f65e8d2bc417cab8111') in 0.011699 seconds 
========================================================================
Received Import Request.
  Time since last request: 0.000016 seconds.
  path: Assets/kenney_pixel-platformer/Tilemap/tiles_packed_151.asset
  artifactKey: Guid(88c4ea59e9212514aa662c90f6231f07) Importer(815301076,1909f56bfc062723c751e8b465ee728b)
Start importing Assets/kenney_pixel-platformer/Tilemap/tiles_packed_151.asset using Guid(88c4ea59e9212514aa662c90f6231f07) Importer(815301076,1909f56bfc062723c751e8b465ee728b)  -> (artifact id: '01b355a97652d6362224c98462aee311') in 0.010858 seconds 
========================================================================
Received Import Request.
  Time since last request: 0.000022 seconds.
  path: Assets/kenney_pixel-platformer/Tilemap/tiles_packed_163.asset
  artifactKey: Guid(5854db150da764042ac6034518643923) Importer(815301076,1909f56bfc062723c751e8b465ee728b)
Start importing Assets/kenney_pixel-platformer/Tilemap/tiles_packed_163.asset using Guid(5854db150da764042ac6034518643923) Importer(815301076,1909f56bfc062723c751e8b465ee728b)  -> (artifact id: '470bae2abb1cc1ae3aa6e0c86eba1547') in 0.014323 seconds 
========================================================================
Received Import Request.
  Time since last request: 0.000024 seconds.
  path: Assets/kenney_pixel-platformer/Tilemap/tiles_packed_148.asset
  artifactKey: Guid(d93eb9e0e7dc405448873d95e5b96853) Importer(815301076,1909f56bfc062723c751e8b465ee728b)
Start importing Assets/kenney_pixel-platformer/Tilemap/tiles_packed_148.asset using Guid(d93eb9e0e7dc405448873d95e5b96853) Importer(815301076,1909f56bfc062723c751e8b465ee728b)  -> (artifact id: 'cb42b861423a69603b418031a3ba4fee') in 0.011985 seconds 
========================================================================
Received Import Request.
  Time since last request: 0.000026 seconds.
  path: Assets/kenney_pixel-platformer/Tilemap/tiles_packed_143.asset
  artifactKey: Guid(c4df5be0868d4934789dbc8643e5626c) Importer(815301076,1909f56bfc062723c751e8b465ee728b)
Start importing Assets/kenney_pixel-platformer/Tilemap/tiles_packed_143.asset using Guid(c4df5be0868d4934789dbc8643e5626c) Importer(815301076,1909f56bfc062723c751e8b465ee728b)  -> (artifact id: 'faa4dd9ad088de4b1345c10195aca31e') in 0.021315 seconds 
========================================================================
Received Import Request.
  Time since last request: 0.000029 seconds.
  path: Assets/kenney_pixel-platformer/Tilemap/tiles_packed_155.asset
  artifactKey: Guid(eb0bfe16d04c58548a2965368c24c409) Importer(815301076,1909f56bfc062723c751e8b465ee728b)
Start importing Assets/kenney_pixel-platformer/Tilemap/tiles_packed_155.asset using Guid(eb0bfe16d04c58548a2965368c24c409) Importer(815301076,1909f56bfc062723c751e8b465ee728b)  -> (artifact id: '86abdfe787a48926394feba8129fa09a') in 0.013682 seconds 
========================================================================
Received Import Request.
  Time since last request: 0.000029 seconds.
  path: Assets/kenney_pixel-platformer/Tilemap/tiles_packed_153.asset
  artifactKey: Guid(327c3c2cc988b244e99dbd8baaaff7a1) Importer(815301076,1909f56bfc062723c751e8b465ee728b)
Start importing Assets/kenney_pixel-platformer/Tilemap/tiles_packed_153.asset using Guid(327c3c2cc988b244e99dbd8baaaff7a1) Importer(815301076,1909f56bfc062723c751e8b465ee728b)  -> (artifact id: '0eb6aa5827e94b1d3a0c4a073e2df2b5') in 0.013362 seconds 
========================================================================
Received Import Request.
  Time since last request: 0.000036 seconds.
  path: Assets/kenney_pixel-platformer/Tilemap/tiles_packed_157.asset
  artifactKey: Guid(b940f2da44bd6794c84edca49d0311b8) Importer(815301076,1909f56bfc062723c751e8b465ee728b)
Start importing Assets/kenney_pixel-platformer/Tilemap/tiles_packed_157.asset using Guid(b940f2da44bd6794c84edca49d0311b8) Importer(815301076,1909f56bfc062723c751e8b465ee728b)  -> (artifact id: 'f9b8d1d4a6c527b420f23faa31b4d3fa') in 0.013050 seconds 
========================================================================
Received Import Request.
  Time since last request: 0.000019 seconds.
  path: Assets/kenney_pixel-platformer/Tilemap/tiles_packed_154.asset
  artifactKey: Guid(b69590cb3113fa844b25a712d20c5233) Importer(815301076,1909f56bfc062723c751e8b465ee728b)
Start importing Assets/kenney_pixel-platformer/Tilemap/tiles_packed_154.asset using Guid(b69590cb3113fa844b25a712d20c5233) Importer(815301076,1909f56bfc062723c751e8b465ee728b)  -> (artifact id: '9928bd7e34f958a044b22db6ec36f4e3') in 0.010724 seconds 
========================================================================
Received Import Request.
  Time since last request: 0.000022 seconds.
  path: Assets/kenney_pixel-platformer/Tilemap/tiles_packed_159.asset
  artifactKey: Guid(84c9ad87a16353b41b37a208cbf61a5b) Importer(815301076,1909f56bfc062723c751e8b465ee728b)
Start importing Assets/kenney_pixel-platformer/Tilemap/tiles_packed_159.asset using Guid(84c9ad87a16353b41b37a208cbf61a5b) Importer(815301076,1909f56bfc062723c751e8b465ee728b)  -> (artifact id: 'a5026fb483c5d87208c2d9b82a4b71fa') in 0.012690 seconds 
========================================================================
Received Import Request.
  Time since last request: 0.000019 seconds.
  path: Assets/kenney_pixel-platformer/Tilemap/tiles_packed_161.asset
  artifactKey: Guid(c44ed29e1e92cc140ae4be1e02308b68) Importer(815301076,1909f56bfc062723c751e8b465ee728b)
Start importing Assets/kenney_pixel-platformer/Tilemap/tiles_packed_161.asset using Guid(c44ed29e1e92cc140ae4be1e02308b68) Importer(815301076,1909f56bfc062723c751e8b465ee728b)  -> (artifact id: '07250116f18a5a95887631424d232db6') in 0.011051 seconds 
========================================================================
Received Import Request.
  Time since last request: 0.000024 seconds.
  path: Assets/kenney_pixel-platformer/Tilemap/tiles_packed_162.asset
  artifactKey: Guid(a0c8151ae4c281845aee9a1dd89922bc) Importer(815301076,1909f56bfc062723c751e8b465ee728b)
Start importing Assets/kenney_pixel-platformer/Tilemap/tiles_packed_162.asset using Guid(a0c8151ae4c281845aee9a1dd89922bc) Importer(815301076,1909f56bfc062723c751e8b465ee728b)  -> (artifact id: '8aea29511983ce5be3ed6f27ed3b12c0') in 0.011771 seconds 
========================================================================
Received Import Request.
  Time since last request: 0.048492 seconds.
  path: Assets/kenney_pixel-platformer/Tilemap/tiles_packed_165.asset
  artifactKey: Guid(a5d9f1e62ea5554478eea83b9ca78205) Importer(815301076,1909f56bfc062723c751e8b465ee728b)
Start importing Assets/kenney_pixel-platformer/Tilemap/tiles_packed_165.asset using Guid(a5d9f1e62ea5554478eea83b9ca78205) Importer(815301076,1909f56bfc062723c751e8b465ee728b)  -> (artifact id: '94cd46eb0067e4a915dbeb3599fa4045') in 0.020178 seconds 
========================================================================
Received Import Request.
  Time since last request: 0.000019 seconds.
  path: Assets/kenney_pixel-platformer/Tilemap/tiles_packed_177.asset
  artifactKey: Guid(c2496d7540e124e4b97f6a59062fb0d5) Importer(815301076,1909f56bfc062723c751e8b465ee728b)
Start importing Assets/kenney_pixel-platformer/Tilemap/tiles_packed_177.asset using Guid(c2496d7540e124e4b97f6a59062fb0d5) Importer(815301076,1909f56bfc062723c751e8b465ee728b)  -> (artifact id: 'f55b0f9a98023d429d4dc928248bcbcd') in 0.017000 seconds 
========================================================================
Received Import Request.
  Time since last request: 0.000027 seconds.
  path: Assets/kenney_pixel-platformer/Tilemap/tiles_packed_167.asset
  artifactKey: Guid(6683c3229bb746245b88ad71fe74311e) Importer(815301076,1909f56bfc062723c751e8b465ee728b)
Start importing Assets/kenney_pixel-platformer/Tilemap/tiles_packed_167.asset using Guid(6683c3229bb746245b88ad71fe74311e) Importer(815301076,1909f56bfc062723c751e8b465ee728b)  -> (artifact id: '932f6d24c65863d7ef13323447e62465') in 0.011558 seconds 
========================================================================
Received Import Request.
  Time since last request: 0.000025 seconds.
  path: Assets/kenney_pixel-platformer/Tilemap/tiles_packed_175.asset
  artifactKey: Guid(e5d2eaa41b8faf0488534479881e4a3d) Importer(815301076,1909f56bfc062723c751e8b465ee728b)
Start importing Assets/kenney_pixel-platformer/Tilemap/tiles_packed_175.asset using Guid(e5d2eaa41b8faf0488534479881e4a3d) Importer(815301076,1909f56bfc062723c751e8b465ee728b)  -> (artifact id: '61688ec2b1cfd7f9375d32466cf07ded') in 0.014619 seconds 
========================================================================
Received Import Request.
  Time since last request: 0.000024 seconds.
  path: Assets/kenney_pixel-platformer/Tilemap/tiles_packed_176.asset
  artifactKey: Guid(b9f2ab279cdb04d4dbe83cf9dc4cd492) Importer(815301076,1909f56bfc062723c751e8b465ee728b)
Start importing Assets/kenney_pixel-platformer/Tilemap/tiles_packed_176.asset using Guid(b9f2ab279cdb04d4dbe83cf9dc4cd492) Importer(815301076,1909f56bfc062723c751e8b465ee728b)  -> (artifact id: 'a050716d3ae5484320d6d1722ecb89fa') in 0.012757 seconds 
========================================================================
Received Import Request.
  Time since last request: 0.000022 seconds.
  path: Assets/kenney_pixel-platformer/Tilemap/tiles_packed_174.asset
  artifactKey: Guid(4928250c0088b8f43a296e5677a2c207) Importer(815301076,1909f56bfc062723c751e8b465ee728b)
Start importing Assets/kenney_pixel-platformer/Tilemap/tiles_packed_174.asset using Guid(4928250c0088b8f43a296e5677a2c207) Importer(815301076,1909f56bfc062723c751e8b465ee728b)  -> (artifact id: '838f37f70ade2e5bc5f77d6535cd7f08') in 0.014243 seconds 
========================================================================
Received Import Request.
  Time since last request: 0.000041 seconds.
  path: Assets/kenney_pixel-platformer/Tilemap/tiles_packed_170.asset
  artifactKey: Guid(5fcc925df1134e448a71fac1ce15d2ac) Importer(815301076,1909f56bfc062723c751e8b465ee728b)
Start importing Assets/kenney_pixel-platformer/Tilemap/tiles_packed_170.asset using Guid(5fcc925df1134e448a71fac1ce15d2ac) Importer(815301076,1909f56bfc062723c751e8b465ee728b)  -> (artifact id: 'cc4245b0b3a2060975161e44a96484dd') in 0.013991 seconds 
========================================================================
Received Import Request.
  Time since last request: 0.000022 seconds.
  path: Assets/kenney_pixel-platformer/Tilemap/tiles_packed_169.asset
  artifactKey: Guid(1f5bcabb0639da44eaa032a5b161bc5c) Importer(815301076,1909f56bfc062723c751e8b465ee728b)
Start importing Assets/kenney_pixel-platformer/Tilemap/tiles_packed_169.asset using Guid(1f5bcabb0639da44eaa032a5b161bc5c) Importer(815301076,1909f56bfc062723c751e8b465ee728b)  -> (artifact id: '6e17b84ebd60a2dd3144ff228f52da0b') in 0.013982 seconds 
Editor requested this worker to shutdown with reason: Scaling down because of idle timeout
AssetImportWorker is now disconnected from the server
Process exiting
Exiting without the bug reporter. Application will terminate with return code 0